[0.108s] DEBUG:colcon:Command line arguments: ['/usr/bin/colcon', 'build']
[0.108s] DEBUG:colcon:Parsed command line arguments: Namespace(log_base=None, log_level=None, verb_name='build', build_base='build', install_base='install', merge_install=False, symlink_install=False, test_result_base=None, continue_on_error=False, executor='parallel', parallel_workers=4, event_handlers=None, ignore_user_meta=False, metas=['./colcon.meta'], base_paths=['.'], packages_ignore=None, packages_ignore_regex=None, paths=None, packages_up_to=None, packages_up_to_regex=None, packages_above=None, packages_above_and_dependencies=None, packages_above_depth=None, packages_select_by_dep=None, packages_skip_by_dep=None, packages_skip_up_to=None, packages_select_build_failed=False, packages_skip_build_finished=False, packages_select_test_failures=False, packages_skip_test_passed=False, packages_select=None, packages_skip=None, packages_select_regex=None, packages_skip_regex=None, packages_start=None, packages_end=None, allow_overriding=[], cmake_args=None, cmake_target=None, cmake_target_skip_unavailable=False, cmake_clean_cache=False, cmake_clean_first=False, cmake_force_configure=False, ament_cmake_args=None, catkin_cmake_args=None, catkin_skip_building_tests=False, mixin_files=None, mixin=None, verb_parser=<colcon_mixin.mixin.mixin_argument.MixinArgumentDecorator object at 0x76944853e8f0>, verb_extension=<colcon_core.verb.build.BuildVerb object at 0x76944853e380>, main=<bound method BuildVerb.main of <colcon_core.verb.build.BuildVerb object at 0x76944853e380>>, mixin_verb=('build',))
[0.143s] Level 1:colcon.colcon_core.package_discovery:discover_packages(colcon_meta) check parameters
[0.144s] Level 1:colcon.colcon_core.package_discovery:discover_packages(recursive) check parameters
[0.144s] Level 1:colcon.colcon_core.package_discovery:discover_packages(ignore) check parameters
[0.144s] Level 1:colcon.colcon_core.package_discovery:discover_packages(path) check parameters
[0.144s] Level 1:colcon.colcon_core.package_discovery:discover_packages(colcon_meta) discover
[0.144s] Level 1:colcon.colcon_core.package_discovery:discover_packages(recursive) discover
[0.144s] INFO:colcon.colcon_core.package_discovery:Crawling recursively for packages in '/home/haivubui/px4_ws'
[0.144s] Level 1:colcon.colcon_core.package_identification:_identify(.) by extensions ['ignore', 'ignore_ament_install']
[0.144s] Level 1:colcon.colcon_core.package_identification:_identify(.) by extension 'ignore'
[0.144s] Level 1:colcon.colcon_core.package_identification:_identify(.) by extension 'ignore_ament_install'
[0.144s] Level 1:colcon.colcon_core.package_identification:_identify(.) by extensions ['colcon_pkg']
[0.144s] Level 1:colcon.colcon_core.package_identification:_identify(.) by extension 'colcon_pkg'
[0.144s] Level 1:colcon.colcon_core.package_identification:_identify(.) by extensions ['colcon_meta']
[0.144s] Level 1:colcon.colcon_core.package_identification:_identify(.) by extension 'colcon_meta'
[0.144s] Level 1:colcon.colcon_core.package_identification:_identify(.) by extensions ['ros']
[0.144s] Level 1:colcon.colcon_core.package_identification:_identify(.) by extension 'ros'
[0.159s] Level 1:colcon.colcon_core.package_identification:_identify(.) by extensions ['cmake', 'python']
[0.159s] Level 1:colcon.colcon_core.package_identification:_identify(.) by extension 'cmake'
[0.159s] Level 1:colcon.colcon_core.package_identification:_identify(.) by extension 'python'
[0.159s] Level 1:colcon.colcon_core.package_identification:_identify(.) by extensions ['python_setup_py']
[0.159s] Level 1:colcon.colcon_core.package_identification:_identify(.) by extension 'python_setup_py'
[0.159s] Level 1:colcon.colcon_core.package_identification:_identify(build) by extensions ['ignore', 'ignore_ament_install']
[0.159s] Level 1:colcon.colcon_core.package_identification:_identify(build) by extension 'ignore'
[0.159s] Level 1:colcon.colcon_core.package_identification:_identify(build) ignored
[0.159s] Level 1:colcon.colcon_core.package_identification:_identify(data) by extensions ['ignore', 'ignore_ament_install']
[0.160s] Level 1:colcon.colcon_core.package_identification:_identify(data) by extension 'ignore'
[0.160s] Level 1:colcon.colcon_core.package_identification:_identify(data) by extension 'ignore_ament_install'
[0.160s] Level 1:colcon.colcon_core.package_identification:_identify(data) by extensions ['colcon_pkg']
[0.160s] Level 1:colcon.colcon_core.package_identification:_identify(data) by extension 'colcon_pkg'
[0.160s] Level 1:colcon.colcon_core.package_identification:_identify(data) by extensions ['colcon_meta']
[0.160s] Level 1:colcon.colcon_core.package_identification:_identify(data) by extension 'colcon_meta'
[0.160s] Level 1:colcon.colcon_core.package_identification:_identify(data) by extensions ['ros']
[0.160s] Level 1:colcon.colcon_core.package_identification:_identify(data) by extension 'ros'
[0.160s] Level 1:colcon.colcon_core.package_identification:_identify(data) by extensions ['cmake', 'python']
[0.160s] Level 1:colcon.colcon_core.package_identification:_identify(data) by extension 'cmake'
[0.160s] Level 1:colcon.colcon_core.package_identification:_identify(data) by extension 'python'
[0.160s] Level 1:colcon.colcon_core.package_identification:_identify(data) by extensions ['python_setup_py']
[0.160s] Level 1:colcon.colcon_core.package_identification:_identify(data) by extension 'python_setup_py'
[0.160s] Level 1:colcon.colcon_core.package_identification:_identify(install) by extensions ['ignore', 'ignore_ament_install']
[0.160s] Level 1:colcon.colcon_core.package_identification:_identify(install) by extension 'ignore'
[0.160s] Level 1:colcon.colcon_core.package_identification:_identify(install) ignored
[0.160s] Level 1:colcon.colcon_core.package_identification:_identify(log) by extensions ['ignore', 'ignore_ament_install']
[0.161s] Level 1:colcon.colcon_core.package_identification:_identify(log) by extension 'ignore'
[0.161s] Level 1:colcon.colcon_core.package_identification:_identify(log) ignored
[0.161s] Level 1:colcon.colcon_core.package_identification:_identify(src) by extensions ['ignore', 'ignore_ament_install']
[0.161s] Level 1:colcon.colcon_core.package_identification:_identify(src) by extension 'ignore'
[0.161s] Level 1:colcon.colcon_core.package_identification:_identify(src) by extension 'ignore_ament_install'
[0.161s] Level 1:colcon.colcon_core.package_identification:_identify(src) by extensions ['colcon_pkg']
[0.161s] Level 1:colcon.colcon_core.package_identification:_identify(src) by extension 'colcon_pkg'
[0.161s] Level 1:colcon.colcon_core.package_identification:_identify(src) by extensions ['colcon_meta']
[0.161s] Level 1:colcon.colcon_core.package_identification:_identify(src) by extension 'colcon_meta'
[0.161s] Level 1:colcon.colcon_core.package_identification:_identify(src) by extensions ['ros']
[0.161s] Level 1:colcon.colcon_core.package_identification:_identify(src) by extension 'ros'
[0.161s] Level 1:colcon.colcon_core.package_identification:_identify(src) by extensions ['cmake', 'python']
[0.161s] Level 1:colcon.colcon_core.package_identification:_identify(src) by extension 'cmake'
[0.161s] Level 1:colcon.colcon_core.package_identification:_identify(src) by extension 'python'
[0.161s] Level 1:colcon.colcon_core.package_identification:_identify(src) by extensions ['python_setup_py']
[0.161s] Level 1:colcon.colcon_core.package_identification:_identify(src) by extension 'python_setup_py'
[0.161s] Level 1:colcon.colcon_core.package_identification:_identify(src/px4-offboard) by extensions ['ignore', 'ignore_ament_install']
[0.161s] Level 1:colcon.colcon_core.package_identification:_identify(src/px4-offboard) by extension 'ignore'
[0.161s] Level 1:colcon.colcon_core.package_identification:_identify(src/px4-offboard) by extension 'ignore_ament_install'
[0.161s] Level 1:colcon.colcon_core.package_identification:_identify(src/px4-offboard) by extensions ['colcon_pkg']
[0.162s] Level 1:colcon.colcon_core.package_identification:_identify(src/px4-offboard) by extension 'colcon_pkg'
[0.162s] Level 1:colcon.colcon_core.package_identification:_identify(src/px4-offboard) by extensions ['colcon_meta']
[0.162s] Level 1:colcon.colcon_core.package_identification:_identify(src/px4-offboard) by extension 'colcon_meta'
[0.162s] Level 1:colcon.colcon_core.package_identification:_identify(src/px4-offboard) by extensions ['ros']
[0.162s] Level 1:colcon.colcon_core.package_identification:_identify(src/px4-offboard) by extension 'ros'
[0.164s] DEBUG:colcon.colcon_core.package_identification:Package 'src/px4-offboard' with type 'ros.ament_python' and name 'px4_offboard'
[0.164s] Level 1:colcon.colcon_core.package_identification:_identify(src/px4_msgs) by extensions ['ignore', 'ignore_ament_install']
[0.164s] Level 1:colcon.colcon_core.package_identification:_identify(src/px4_msgs) by extension 'ignore'
[0.164s] Level 1:colcon.colcon_core.package_identification:_identify(src/px4_msgs) by extension 'ignore_ament_install'
[0.164s] Level 1:colcon.colcon_core.package_identification:_identify(src/px4_msgs) by extensions ['colcon_pkg']
[0.164s] Level 1:colcon.colcon_core.package_identification:_identify(src/px4_msgs) by extension 'colcon_pkg'
[0.164s] Level 1:colcon.colcon_core.package_identification:_identify(src/px4_msgs) by extensions ['colcon_meta']
[0.164s] Level 1:colcon.colcon_core.package_identification:_identify(src/px4_msgs) by extension 'colcon_meta'
[0.165s] Level 1:colcon.colcon_core.package_identification:_identify(src/px4_msgs) by extensions ['ros']
[0.165s] Level 1:colcon.colcon_core.package_identification:_identify(src/px4_msgs) by extension 'ros'
[0.165s] DEBUG:colcon.colcon_core.package_identification:Package 'src/px4_msgs' with type 'ros.ament_cmake' and name 'px4_msgs'
[0.165s] Level 1:colcon.colcon_core.package_discovery:discover_packages(recursive) using defaults
[0.165s] Level 1:colcon.colcon_core.package_discovery:discover_packages(ignore) discover
[0.165s] Level 1:colcon.colcon_core.package_discovery:discover_packages(ignore) using defaults
[0.165s] Level 1:colcon.colcon_core.package_discovery:discover_packages(path) discover
[0.165s] Level 1:colcon.colcon_core.package_discovery:discover_packages(path) using defaults
[0.185s] Level 1:colcon.colcon_core.package_discovery:discover_packages(prefix_path) check parameters
[0.185s] Level 1:colcon.colcon_core.package_discovery:discover_packages(prefix_path) discover
[0.187s] DEBUG:colcon.colcon_installed_package_information.package_discovery:Found 277 installed packages in /opt/ros/humble
[0.188s] Level 1:colcon.colcon_core.package_discovery:discover_packages(prefix_path) using defaults
[0.225s] Level 5:colcon.colcon_core.verb:set package 'px4_msgs' build argument 'cmake_args' from command line to 'None'
[0.225s] Level 5:colcon.colcon_core.verb:set package 'px4_msgs' build argument 'cmake_target' from command line to 'None'
[0.225s] Level 5:colcon.colcon_core.verb:set package 'px4_msgs' build argument 'cmake_target_skip_unavailable' from command line to 'False'
[0.225s] Level 5:colcon.colcon_core.verb:set package 'px4_msgs' build argument 'cmake_clean_cache' from command line to 'False'
[0.225s] Level 5:colcon.colcon_core.verb:set package 'px4_msgs' build argument 'cmake_clean_first' from command line to 'False'
[0.225s] Level 5:colcon.colcon_core.verb:set package 'px4_msgs' build argument 'cmake_force_configure' from command line to 'False'
[0.226s] Level 5:colcon.colcon_core.verb:set package 'px4_msgs' build argument 'ament_cmake_args' from command line to 'None'
[0.226s] Level 5:colcon.colcon_core.verb:set package 'px4_msgs' build argument 'catkin_cmake_args' from command line to 'None'
[0.226s] Level 5:colcon.colcon_core.verb:set package 'px4_msgs' build argument 'catkin_skip_building_tests' from command line to 'False'
[0.226s] DEBUG:colcon.colcon_core.verb:Building package 'px4_msgs' with the following arguments: {'ament_cmake_args': None, 'build_base': '/home/haivubui/px4_ws/build/px4_msgs', 'catkin_cmake_args': None, 'catkin_skip_building_tests': False, 'cmake_args': None, 'cmake_clean_cache': False, 'cmake_clean_first': False, 'cmake_force_configure': False, 'cmake_target': None, 'cmake_target_skip_unavailable': False, 'install_base': '/home/haivubui/px4_ws/install/px4_msgs', 'merge_install': False, 'path': '/home/haivubui/px4_ws/src/px4_msgs', 'symlink_install': False, 'test_result_base': None}
[0.226s] Level 5:colcon.colcon_core.verb:set package 'px4_offboard' build argument 'cmake_args' from command line to 'None'
[0.226s] Level 5:colcon.colcon_core.verb:set package 'px4_offboard' build argument 'cmake_target' from command line to 'None'
[0.226s] Level 5:colcon.colcon_core.verb:set package 'px4_offboard' build argument 'cmake_target_skip_unavailable' from command line to 'False'
[0.226s] Level 5:colcon.colcon_core.verb:set package 'px4_offboard' build argument 'cmake_clean_cache' from command line to 'False'
[0.226s] Level 5:colcon.colcon_core.verb:set package 'px4_offboard' build argument 'cmake_clean_first' from command line to 'False'
[0.226s] Level 5:colcon.colcon_core.verb:set package 'px4_offboard' build argument 'cmake_force_configure' from command line to 'False'
[0.226s] Level 5:colcon.colcon_core.verb:set package 'px4_offboard' build argument 'ament_cmake_args' from command line to 'None'
[0.226s] Level 5:colcon.colcon_core.verb:set package 'px4_offboard' build argument 'catkin_cmake_args' from command line to 'None'
[0.226s] Level 5:colcon.colcon_core.verb:set package 'px4_offboard' build argument 'catkin_skip_building_tests' from command line to 'False'
[0.226s] DEBUG:colcon.colcon_core.verb:Building package 'px4_offboard' with the following arguments: {'ament_cmake_args': None, 'build_base': '/home/haivubui/px4_ws/build/px4_offboard', 'catkin_cmake_args': None, 'catkin_skip_building_tests': False, 'cmake_args': None, 'cmake_clean_cache': False, 'cmake_clean_first': False, 'cmake_force_configure': False, 'cmake_target': None, 'cmake_target_skip_unavailable': False, 'install_base': '/home/haivubui/px4_ws/install/px4_offboard', 'merge_install': False, 'path': '/home/haivubui/px4_ws/src/px4-offboard', 'symlink_install': False, 'test_result_base': None}
[0.226s] INFO:colcon.colcon_core.executor:Executing jobs using 'parallel' executor
[0.227s] DEBUG:colcon.colcon_parallel_executor.executor.parallel:run_until_complete
[0.228s] INFO:colcon.colcon_ros.task.ament_cmake.build:Building ROS package in '/home/haivubui/px4_ws/src/px4_msgs' with build type 'ament_cmake'
[0.228s] INFO:colcon.colcon_cmake.task.cmake.build:Building CMake package in '/home/haivubui/px4_ws/src/px4_msgs'
[0.229s] INFO:colcon.colcon_core.plugin_system:Skipping extension 'colcon_core.shell.bat': Not used on non-Windows systems
[0.230s] INFO:colcon.colcon_core.shell:Skip shell extension 'powershell' for command environment: Not usable outside of PowerShell
[0.230s] DEBUG:colcon.colcon_core.shell:Skip shell extension 'dsv' for command environment
[0.238s] DEBUG:colcon.colcon_core.event_handler.log_command:Invoking command in '/home/haivubui/px4_ws/build/px4_msgs': CMAKE_PREFIX_PATH=/opt/ros/humble /usr/bin/cmake --build /home/haivubui/px4_ws/build/px4_msgs -- -j4 -l4
[2.004s] DEBUG:colcon.colcon_core.event_handler.log_command:Invoked command in '/home/haivubui/px4_ws/build/px4_msgs' returned '0': CMAKE_PREFIX_PATH=/opt/ros/humble /usr/bin/cmake --build /home/haivubui/px4_ws/build/px4_msgs -- -j4 -l4
[7.048s] DEBUG:colcon.colcon_core.event_handler.log_command:Invoking command in '/home/haivubui/px4_ws/build/px4_msgs': CMAKE_PREFIX_PATH=/opt/ros/humble /usr/bin/cmake --install /home/haivubui/px4_ws/build/px4_msgs
[7.451s] Level 1:colcon.colcon_core.environment:create_environment_scripts_only(px4_msgs)
[7.453s] DEBUG:colcon.colcon_core.event_handler.log_command:Invoked command in '/home/haivubui/px4_ws/build/px4_msgs' returned '0': CMAKE_PREFIX_PATH=/opt/ros/humble /usr/bin/cmake --install /home/haivubui/px4_ws/build/px4_msgs
[7.458s] Level 1:colcon.colcon_core.environment:checking '/home/haivubui/px4_ws/install/px4_msgs' for CMake module files
[7.463s] Level 1:colcon.colcon_core.environment:checking '/home/haivubui/px4_ws/install/px4_msgs' for CMake config files
[7.464s] Level 1:colcon.colcon_core.shell:create_environment_hook('px4_msgs', 'cmake_prefix_path')
[7.464s] INFO:colcon.colcon_core.shell:Creating environment hook '/home/haivubui/px4_ws/install/px4_msgs/share/px4_msgs/hook/cmake_prefix_path.ps1'
[7.465s] INFO:colcon.colcon_core.shell:Creating environment descriptor '/home/haivubui/px4_ws/install/px4_msgs/share/px4_msgs/hook/cmake_prefix_path.dsv'
[7.465s] INFO:colcon.colcon_core.shell:Creating environment hook '/home/haivubui/px4_ws/install/px4_msgs/share/px4_msgs/hook/cmake_prefix_path.sh'
[7.466s] Level 1:colcon.colcon_core.environment:checking '/home/haivubui/px4_ws/install/px4_msgs/lib'
[7.466s] Level 1:colcon.colcon_core.shell:create_environment_hook('px4_msgs', 'ld_library_path_lib')
[7.467s] INFO:colcon.colcon_core.shell:Creating environment hook '/home/haivubui/px4_ws/install/px4_msgs/share/px4_msgs/hook/ld_library_path_lib.ps1'
[7.467s] INFO:colcon.colcon_core.shell:Creating environment descriptor '/home/haivubui/px4_ws/install/px4_msgs/share/px4_msgs/hook/ld_library_path_lib.dsv'
[7.467s] INFO:colcon.colcon_core.shell:Creating environment hook '/home/haivubui/px4_ws/install/px4_msgs/share/px4_msgs/hook/ld_library_path_lib.sh'
[7.471s] Level 1:colcon.colcon_core.environment:checking '/home/haivubui/px4_ws/install/px4_msgs/bin'
[7.471s] Level 1:colcon.colcon_core.environment:checking '/home/haivubui/px4_ws/install/px4_msgs/lib/pkgconfig/px4_msgs.pc'
[7.471s] Level 1:colcon.colcon_core.environment:checking '/home/haivubui/px4_ws/install/px4_msgs/lib/python3.10/site-packages'
[7.471s] Level 1:colcon.colcon_core.environment:checking '/home/haivubui/px4_ws/install/px4_msgs/bin'
[7.472s] INFO:colcon.colcon_core.shell:Creating package script '/home/haivubui/px4_ws/install/px4_msgs/share/px4_msgs/package.ps1'
[7.475s] INFO:colcon.colcon_core.shell:Creating package descriptor '/home/haivubui/px4_ws/install/px4_msgs/share/px4_msgs/package.dsv'
[7.476s] INFO:colcon.colcon_core.shell:Creating package script '/home/haivubui/px4_ws/install/px4_msgs/share/px4_msgs/package.sh'
[7.477s] INFO:colcon.colcon_core.shell:Creating package script '/home/haivubui/px4_ws/install/px4_msgs/share/px4_msgs/package.bash'
[7.478s] INFO:colcon.colcon_core.shell:Creating package script '/home/haivubui/px4_ws/install/px4_msgs/share/px4_msgs/package.zsh'
[7.478s] Level 1:colcon.colcon_core.environment:create_file_with_runtime_dependencies(/home/haivubui/px4_ws/install/px4_msgs/share/colcon-core/packages/px4_msgs)
[12.947s] Level 1:colcon.colcon_core.environment:create_environment_scripts_only(px4_msgs)
[12.947s] Level 1:colcon.colcon_core.environment:checking '/home/haivubui/px4_ws/install/px4_msgs' for CMake module files
[12.947s] Level 1:colcon.colcon_core.environment:checking '/home/haivubui/px4_ws/install/px4_msgs' for CMake config files
[12.949s] Level 1:colcon.colcon_core.shell:create_environment_hook('px4_msgs', 'cmake_prefix_path')
[12.949s] INFO:colcon.colcon_core.shell:Creating environment hook '/home/haivubui/px4_ws/install/px4_msgs/share/px4_msgs/hook/cmake_prefix_path.ps1'
[12.950s] INFO:colcon.colcon_core.shell:Creating environment descriptor '/home/haivubui/px4_ws/install/px4_msgs/share/px4_msgs/hook/cmake_prefix_path.dsv'
[12.950s] INFO:colcon.colcon_core.shell:Creating environment hook '/home/haivubui/px4_ws/install/px4_msgs/share/px4_msgs/hook/cmake_prefix_path.sh'
[12.950s] Level 1:colcon.colcon_core.environment:checking '/home/haivubui/px4_ws/install/px4_msgs/lib'
[12.950s] Level 1:colcon.colcon_core.shell:create_environment_hook('px4_msgs', 'ld_library_path_lib')
[12.951s] INFO:colcon.colcon_core.shell:Creating environment hook '/home/haivubui/px4_ws/install/px4_msgs/share/px4_msgs/hook/ld_library_path_lib.ps1'
[12.951s] INFO:colcon.colcon_core.shell:Creating environment descriptor '/home/haivubui/px4_ws/install/px4_msgs/share/px4_msgs/hook/ld_library_path_lib.dsv'
[12.951s] INFO:colcon.colcon_core.shell:Creating environment hook '/home/haivubui/px4_ws/install/px4_msgs/share/px4_msgs/hook/ld_library_path_lib.sh'
[12.951s] Level 1:colcon.colcon_core.environment:checking '/home/haivubui/px4_ws/install/px4_msgs/bin'
[12.952s] Level 1:colcon.colcon_core.environment:checking '/home/haivubui/px4_ws/install/px4_msgs/lib/pkgconfig/px4_msgs.pc'
[12.952s] Level 1:colcon.colcon_core.environment:checking '/home/haivubui/px4_ws/install/px4_msgs/lib/python3.10/site-packages'
[12.952s] Level 1:colcon.colcon_core.environment:checking '/home/haivubui/px4_ws/install/px4_msgs/bin'
[12.952s] INFO:colcon.colcon_core.shell:Creating package script '/home/haivubui/px4_ws/install/px4_msgs/share/px4_msgs/package.ps1'
[12.953s] INFO:colcon.colcon_core.shell:Creating package descriptor '/home/haivubui/px4_ws/install/px4_msgs/share/px4_msgs/package.dsv'
[12.953s] INFO:colcon.colcon_core.shell:Creating package script '/home/haivubui/px4_ws/install/px4_msgs/share/px4_msgs/package.sh'
[12.954s] INFO:colcon.colcon_core.shell:Creating package script '/home/haivubui/px4_ws/install/px4_msgs/share/px4_msgs/package.bash'
[12.954s] INFO:colcon.colcon_core.shell:Creating package script '/home/haivubui/px4_ws/install/px4_msgs/share/px4_msgs/package.zsh'
[12.954s] Level 1:colcon.colcon_core.environment:create_file_with_runtime_dependencies(/home/haivubui/px4_ws/install/px4_msgs/share/colcon-core/packages/px4_msgs)
[12.955s] INFO:colcon.colcon_ros.task.ament_python.build:Building ROS package in '/home/haivubui/px4_ws/src/px4-offboard' with build type 'ament_python'
[12.955s] Level 1:colcon.colcon_core.shell:create_environment_hook('px4_offboard', 'ament_prefix_path')
[12.955s] INFO:colcon.colcon_core.shell:Creating environment hook '/home/haivubui/px4_ws/install/px4_offboard/share/px4_offboard/hook/ament_prefix_path.ps1'
[12.956s] INFO:colcon.colcon_core.shell:Creating environment descriptor '/home/haivubui/px4_ws/install/px4_offboard/share/px4_offboard/hook/ament_prefix_path.dsv'
[12.956s] INFO:colcon.colcon_core.shell:Creating environment hook '/home/haivubui/px4_ws/install/px4_offboard/share/px4_offboard/hook/ament_prefix_path.sh'
[12.956s] INFO:colcon.colcon_core.shell:Skip shell extension 'powershell' for command environment: Not usable outside of PowerShell
[12.956s] DEBUG:colcon.colcon_core.shell:Skip shell extension 'dsv' for command environment
[13.158s] INFO:colcon.colcon_core.task.python.build:Building Python package in '/home/haivubui/px4_ws/src/px4-offboard'
[13.158s] INFO:colcon.colcon_core.shell:Skip shell extension 'powershell' for command environment: Not usable outside of PowerShell
[13.158s] DEBUG:colcon.colcon_core.shell:Skip shell extension 'dsv' for command environment
[13.700s] DEBUG:colcon.colcon_core.event_handler.log_command:Invoking command in '/home/haivubui/px4_ws/src/px4-offboard': AMENT_PREFIX_PATH=/home/haivubui/px4_ws/install/px4_msgs:${AMENT_PREFIX_PATH} CMAKE_PREFIX_PATH=/home/haivubui/px4_ws/install/px4_msgs LD_LIBRARY_PATH=/home/haivubui/px4_ws/install/px4_msgs/lib:${LD_LIBRARY_PATH} PYTHONPATH=/home/haivubui/px4_ws/build/px4_offboard/prefix_override:/usr/lib/python3/dist-packages/colcon_core/task/python/colcon_distutils_commands:/home/haivubui/px4_ws/install/px4_offboard/lib/python3.10/site-packages:/home/haivubui/px4_ws/install/px4_msgs/local/lib/python3.10/dist-packages:${PYTHONPATH} /usr/bin/python3 -W ignore:setup.py install is deprecated setup.py egg_info --egg-base ../../build/px4_offboard build --build-base /home/haivubui/px4_ws/build/px4_offboard/build install --record /home/haivubui/px4_ws/build/px4_offboard/install.log --single-version-externally-managed install_data
[14.251s] Level 1:colcon.colcon_core.environment:checking '/home/haivubui/px4_ws/install/px4_offboard' for CMake module files
[14.252s] DEBUG:colcon.colcon_core.event_handler.log_command:Invoked command in '/home/haivubui/px4_ws/src/px4-offboard' returned '0': AMENT_PREFIX_PATH=/home/haivubui/px4_ws/install/px4_msgs:${AMENT_PREFIX_PATH} CMAKE_PREFIX_PATH=/home/haivubui/px4_ws/install/px4_msgs LD_LIBRARY_PATH=/home/haivubui/px4_ws/install/px4_msgs/lib:${LD_LIBRARY_PATH} PYTHONPATH=/home/haivubui/px4_ws/build/px4_offboard/prefix_override:/usr/lib/python3/dist-packages/colcon_core/task/python/colcon_distutils_commands:/home/haivubui/px4_ws/install/px4_offboard/lib/python3.10/site-packages:/home/haivubui/px4_ws/install/px4_msgs/local/lib/python3.10/dist-packages:${PYTHONPATH} /usr/bin/python3 -W ignore:setup.py install is deprecated setup.py egg_info --egg-base ../../build/px4_offboard build --build-base /home/haivubui/px4_ws/build/px4_offboard/build install --record /home/haivubui/px4_ws/build/px4_offboard/install.log --single-version-externally-managed install_data
[14.252s] Level 1:colcon.colcon_core.environment:checking '/home/haivubui/px4_ws/install/px4_offboard' for CMake config files
[14.253s] Level 1:colcon.colcon_core.environment:checking '/home/haivubui/px4_ws/install/px4_offboard/lib'
[14.253s] Level 1:colcon.colcon_core.environment:checking '/home/haivubui/px4_ws/install/px4_offboard/bin'
[14.253s] Level 1:colcon.colcon_core.environment:checking '/home/haivubui/px4_ws/install/px4_offboard/lib/pkgconfig/px4_offboard.pc'
[14.253s] Level 1:colcon.colcon_core.environment:checking '/home/haivubui/px4_ws/install/px4_offboard/lib/python3.10/site-packages'
[14.253s] Level 1:colcon.colcon_core.shell:create_environment_hook('px4_offboard', 'pythonpath')
[14.253s] INFO:colcon.colcon_core.shell:Creating environment hook '/home/haivubui/px4_ws/install/px4_offboard/share/px4_offboard/hook/pythonpath.ps1'
[14.254s] INFO:colcon.colcon_core.shell:Creating environment descriptor '/home/haivubui/px4_ws/install/px4_offboard/share/px4_offboard/hook/pythonpath.dsv'
[14.254s] INFO:colcon.colcon_core.shell:Creating environment hook '/home/haivubui/px4_ws/install/px4_offboard/share/px4_offboard/hook/pythonpath.sh'
[14.254s] Level 1:colcon.colcon_core.environment:checking '/home/haivubui/px4_ws/install/px4_offboard/bin'
[14.254s] Level 1:colcon.colcon_core.environment:create_environment_scripts_only(px4_offboard)
[14.255s] INFO:colcon.colcon_core.shell:Creating package script '/home/haivubui/px4_ws/install/px4_offboard/share/px4_offboard/package.ps1'
[14.255s] INFO:colcon.colcon_core.shell:Creating package descriptor '/home/haivubui/px4_ws/install/px4_offboard/share/px4_offboard/package.dsv'
[14.256s] INFO:colcon.colcon_core.shell:Creating package script '/home/haivubui/px4_ws/install/px4_offboard/share/px4_offboard/package.sh'
[14.256s] INFO:colcon.colcon_core.shell:Creating package script '/home/haivubui/px4_ws/install/px4_offboard/share/px4_offboard/package.bash'
[14.256s] INFO:colcon.colcon_core.shell:Creating package script '/home/haivubui/px4_ws/install/px4_offboard/share/px4_offboard/package.zsh'
[14.256s] Level 1:colcon.colcon_core.environment:create_file_with_runtime_dependencies(/home/haivubui/px4_ws/install/px4_offboard/share/colcon-core/packages/px4_offboard)
[14.257s] DEBUG:colcon.colcon_parallel_executor.executor.parallel:closing loop
[14.257s] DEBUG:colcon.colcon_parallel_executor.executor.parallel:loop closed
[14.257s] DEBUG:colcon.colcon_parallel_executor.executor.parallel:run_until_complete finished with '0'
[14.257s] DEBUG:colcon.colcon_core.event_reactor:joining thread
[14.263s] INFO:colcon.colcon_core.plugin_system:Skipping extension 'colcon_notification.desktop_notification.terminal_notifier': Not used on non-Darwin systems
[14.263s] INFO:colcon.colcon_core.plugin_system:Skipping extension 'colcon_notification.desktop_notification.win32': Not used on non-Windows systems
[14.263s] INFO:colcon.colcon_notification.desktop_notification:Sending desktop notification using 'notify2'
[14.273s] DEBUG:colcon.colcon_core.event_reactor:joined thread
[14.273s] INFO:colcon.colcon_core.shell:Creating prefix script '/home/haivubui/px4_ws/install/local_setup.ps1'
[14.274s] INFO:colcon.colcon_core.shell:Creating prefix util module '/home/haivubui/px4_ws/install/_local_setup_util_ps1.py'
[14.276s] INFO:colcon.colcon_core.shell:Creating prefix chain script '/home/haivubui/px4_ws/install/setup.ps1'
[14.277s] INFO:colcon.colcon_core.shell:Creating prefix script '/home/haivubui/px4_ws/install/local_setup.sh'
[14.277s] INFO:colcon.colcon_core.shell:Creating prefix util module '/home/haivubui/px4_ws/install/_local_setup_util_sh.py'
[14.277s] INFO:colcon.colcon_core.shell:Creating prefix chain script '/home/haivubui/px4_ws/install/setup.sh'
[14.278s] INFO:colcon.colcon_core.shell:Creating prefix script '/home/haivubui/px4_ws/install/local_setup.bash'
[14.279s] INFO:colcon.colcon_core.shell:Creating prefix chain script '/home/haivubui/px4_ws/install/setup.bash'
[14.280s] INFO:colcon.colcon_core.shell:Creating prefix script '/home/haivubui/px4_ws/install/local_setup.zsh'
[14.280s] INFO:colcon.colcon_core.shell:Creating prefix chain script '/home/haivubui/px4_ws/install/setup.zsh'
