[0.124s] DEBUG:colcon:Command line arguments: ['/usr/bin/colcon', 'build']
[0.124s] DEBUG:colcon:Parsed command line arguments: Namespace(log_base=None, log_level=None, verb_name='build', build_base='build', install_base='install', merge_install=False, symlink_install=False, test_result_base=None, continue_on_error=False, executor='parallel', parallel_workers=4, event_handlers=None, ignore_user_meta=False, metas=['./colcon.meta'], base_paths=['.'], packages_ignore=None, packages_ignore_regex=None, paths=None, packages_up_to=None, packages_up_to_regex=None, packages_above=None, packages_above_and_dependencies=None, packages_above_depth=None, packages_select_by_dep=None, packages_skip_by_dep=None, packages_skip_up_to=None, packages_select_build_failed=False, packages_skip_build_finished=False, packages_select_test_failures=False, packages_skip_test_passed=False, packages_select=None, packages_skip=None, packages_select_regex=None, packages_skip_regex=None, packages_start=None, packages_end=None, allow_overriding=[], cmake_args=None, cmake_target=None, cmake_target_skip_unavailable=False, cmake_clean_cache=False, cmake_clean_first=False, cmake_force_configure=False, ament_cmake_args=None, catkin_cmake_args=None, catkin_skip_building_tests=False, mixin_files=None, mixin=None, verb_parser=<colcon_mixin.mixin.mixin_argument.MixinArgumentDecorator object at 0x759f061368f0>, verb_extension=<colcon_core.verb.build.BuildVerb object at 0x759f06136380>, main=<bound method BuildVerb.main of <colcon_core.verb.build.BuildVerb object at 0x759f06136380>>, mixin_verb=('build',))
[0.161s] Level 1:colcon.colcon_core.package_discovery:discover_packages(colcon_meta) check parameters
[0.162s] Level 1:colcon.colcon_core.package_discovery:discover_packages(recursive) check parameters
[0.162s] Level 1:colcon.colcon_core.package_discovery:discover_packages(ignore) check parameters
[0.162s] Level 1:colcon.colcon_core.package_discovery:discover_packages(path) check parameters
[0.162s] Level 1:colcon.colcon_core.package_discovery:discover_packages(colcon_meta) discover
[0.162s] Level 1:colcon.colcon_core.package_discovery:discover_packages(recursive) discover
[0.162s] INFO:colcon.colcon_core.package_discovery:Crawling recursively for packages in '/home/haivubui/px4_ws'
[0.162s] Level 1:colcon.colcon_core.package_identification:_identify(.) by extensions ['ignore', 'ignore_ament_install']
[0.162s] Level 1:colcon.colcon_core.package_identification:_identify(.) by extension 'ignore'
[0.162s] Level 1:colcon.colcon_core.package_identification:_identify(.) by extension 'ignore_ament_install'
[0.162s] Level 1:colcon.colcon_core.package_identification:_identify(.) by extensions ['colcon_pkg']
[0.162s] Level 1:colcon.colcon_core.package_identification:_identify(.) by extension 'colcon_pkg'
[0.162s] Level 1:colcon.colcon_core.package_identification:_identify(.) by extensions ['colcon_meta']
[0.162s] Level 1:colcon.colcon_core.package_identification:_identify(.) by extension 'colcon_meta'
[0.162s] Level 1:colcon.colcon_core.package_identification:_identify(.) by extensions ['ros']
[0.162s] Level 1:colcon.colcon_core.package_identification:_identify(.) by extension 'ros'
[0.177s] Level 1:colcon.colcon_core.package_identification:_identify(.) by extensions ['cmake', 'python']
[0.177s] Level 1:colcon.colcon_core.package_identification:_identify(.) by extension 'cmake'
[0.178s] Level 1:colcon.colcon_core.package_identification:_identify(.) by extension 'python'
[0.178s] Level 1:colcon.colcon_core.package_identification:_identify(.) by extensions ['python_setup_py']
[0.178s] Level 1:colcon.colcon_core.package_identification:_identify(.) by extension 'python_setup_py'
[0.178s] Level 1:colcon.colcon_core.package_identification:_identify(build) by extensions ['ignore', 'ignore_ament_install']
[0.178s] Level 1:colcon.colcon_core.package_identification:_identify(build) by extension 'ignore'
[0.178s] Level 1:colcon.colcon_core.package_identification:_identify(build) ignored
[0.178s] Level 1:colcon.colcon_core.package_identification:_identify(data) by extensions ['ignore', 'ignore_ament_install']
[0.178s] Level 1:colcon.colcon_core.package_identification:_identify(data) by extension 'ignore'
[0.178s] Level 1:colcon.colcon_core.package_identification:_identify(data) by extension 'ignore_ament_install'
[0.178s] Level 1:colcon.colcon_core.package_identification:_identify(data) by extensions ['colcon_pkg']
[0.178s] Level 1:colcon.colcon_core.package_identification:_identify(data) by extension 'colcon_pkg'
[0.178s] Level 1:colcon.colcon_core.package_identification:_identify(data) by extensions ['colcon_meta']
[0.178s] Level 1:colcon.colcon_core.package_identification:_identify(data) by extension 'colcon_meta'
[0.178s] Level 1:colcon.colcon_core.package_identification:_identify(data) by extensions ['ros']
[0.178s] Level 1:colcon.colcon_core.package_identification:_identify(data) by extension 'ros'
[0.178s] Level 1:colcon.colcon_core.package_identification:_identify(data) by extensions ['cmake', 'python']
[0.178s] Level 1:colcon.colcon_core.package_identification:_identify(data) by extension 'cmake'
[0.179s] Level 1:colcon.colcon_core.package_identification:_identify(data) by extension 'python'
[0.179s] Level 1:colcon.colcon_core.package_identification:_identify(data) by extensions ['python_setup_py']
[0.179s] Level 1:colcon.colcon_core.package_identification:_identify(data) by extension 'python_setup_py'
[0.179s] Level 1:colcon.colcon_core.package_identification:_identify(install) by extensions ['ignore', 'ignore_ament_install']
[0.179s] Level 1:colcon.colcon_core.package_identification:_identify(install) by extension 'ignore'
[0.179s] Level 1:colcon.colcon_core.package_identification:_identify(install) ignored
[0.179s] Level 1:colcon.colcon_core.package_identification:_identify(log) by extensions ['ignore', 'ignore_ament_install']
[0.179s] Level 1:colcon.colcon_core.package_identification:_identify(log) by extension 'ignore'
[0.179s] Level 1:colcon.colcon_core.package_identification:_identify(log) ignored
[0.179s] Level 1:colcon.colcon_core.package_identification:_identify(src) by extensions ['ignore', 'ignore_ament_install']
[0.179s] Level 1:colcon.colcon_core.package_identification:_identify(src) by extension 'ignore'
[0.179s] Level 1:colcon.colcon_core.package_identification:_identify(src) by extension 'ignore_ament_install'
[0.179s] Level 1:colcon.colcon_core.package_identification:_identify(src) by extensions ['colcon_pkg']
[0.179s] Level 1:colcon.colcon_core.package_identification:_identify(src) by extension 'colcon_pkg'
[0.179s] Level 1:colcon.colcon_core.package_identification:_identify(src) by extensions ['colcon_meta']
[0.179s] Level 1:colcon.colcon_core.package_identification:_identify(src) by extension 'colcon_meta'
[0.179s] Level 1:colcon.colcon_core.package_identification:_identify(src) by extensions ['ros']
[0.179s] Level 1:colcon.colcon_core.package_identification:_identify(src) by extension 'ros'
[0.180s] Level 1:colcon.colcon_core.package_identification:_identify(src) by extensions ['cmake', 'python']
[0.180s] Level 1:colcon.colcon_core.package_identification:_identify(src) by extension 'cmake'
[0.180s] Level 1:colcon.colcon_core.package_identification:_identify(src) by extension 'python'
[0.180s] Level 1:colcon.colcon_core.package_identification:_identify(src) by extensions ['python_setup_py']
[0.180s] Level 1:colcon.colcon_core.package_identification:_identify(src) by extension 'python_setup_py'
[0.180s] Level 1:colcon.colcon_core.package_identification:_identify(src/px4-offboard) by extensions ['ignore', 'ignore_ament_install']
[0.180s] Level 1:colcon.colcon_core.package_identification:_identify(src/px4-offboard) by extension 'ignore'
[0.180s] Level 1:colcon.colcon_core.package_identification:_identify(src/px4-offboard) by extension 'ignore_ament_install'
[0.180s] Level 1:colcon.colcon_core.package_identification:_identify(src/px4-offboard) by extensions ['colcon_pkg']
[0.180s] Level 1:colcon.colcon_core.package_identification:_identify(src/px4-offboard) by extension 'colcon_pkg'
[0.180s] Level 1:colcon.colcon_core.package_identification:_identify(src/px4-offboard) by extensions ['colcon_meta']
[0.180s] Level 1:colcon.colcon_core.package_identification:_identify(src/px4-offboard) by extension 'colcon_meta'
[0.180s] Level 1:colcon.colcon_core.package_identification:_identify(src/px4-offboard) by extensions ['ros']
[0.180s] Level 1:colcon.colcon_core.package_identification:_identify(src/px4-offboard) by extension 'ros'
[0.183s] DEBUG:colcon.colcon_core.package_identification:Package 'src/px4-offboard' with type 'ros.ament_python' and name 'px4_offboard'
[0.183s] Level 1:colcon.colcon_core.package_identification:_identify(src/px4_msgs) by extensions ['ignore', 'ignore_ament_install']
[0.183s] Level 1:colcon.colcon_core.package_identification:_identify(src/px4_msgs) by extension 'ignore'
[0.183s] Level 1:colcon.colcon_core.package_identification:_identify(src/px4_msgs) by extension 'ignore_ament_install'
[0.183s] Level 1:colcon.colcon_core.package_identification:_identify(src/px4_msgs) by extensions ['colcon_pkg']
[0.183s] Level 1:colcon.colcon_core.package_identification:_identify(src/px4_msgs) by extension 'colcon_pkg'
[0.183s] Level 1:colcon.colcon_core.package_identification:_identify(src/px4_msgs) by extensions ['colcon_meta']
[0.183s] Level 1:colcon.colcon_core.package_identification:_identify(src/px4_msgs) by extension 'colcon_meta'
[0.183s] Level 1:colcon.colcon_core.package_identification:_identify(src/px4_msgs) by extensions ['ros']
[0.183s] Level 1:colcon.colcon_core.package_identification:_identify(src/px4_msgs) by extension 'ros'
[0.184s] DEBUG:colcon.colcon_core.package_identification:Package 'src/px4_msgs' with type 'ros.ament_cmake' and name 'px4_msgs'
[0.184s] Level 1:colcon.colcon_core.package_discovery:discover_packages(recursive) using defaults
[0.184s] Level 1:colcon.colcon_core.package_discovery:discover_packages(ignore) discover
[0.184s] Level 1:colcon.colcon_core.package_discovery:discover_packages(ignore) using defaults
[0.184s] Level 1:colcon.colcon_core.package_discovery:discover_packages(path) discover
[0.184s] Level 1:colcon.colcon_core.package_discovery:discover_packages(path) using defaults
[0.205s] Level 1:colcon.colcon_core.package_discovery:discover_packages(prefix_path) check parameters
[0.205s] Level 1:colcon.colcon_core.package_discovery:discover_packages(prefix_path) discover
[0.207s] DEBUG:colcon.colcon_installed_package_information.package_discovery:Found 277 installed packages in /opt/ros/humble
[0.209s] Level 1:colcon.colcon_core.package_discovery:discover_packages(prefix_path) using defaults
[0.247s] Level 5:colcon.colcon_core.verb:set package 'px4_msgs' build argument 'cmake_args' from command line to 'None'
[0.247s] Level 5:colcon.colcon_core.verb:set package 'px4_msgs' build argument 'cmake_target' from command line to 'None'
[0.248s] Level 5:colcon.colcon_core.verb:set package 'px4_msgs' build argument 'cmake_target_skip_unavailable' from command line to 'False'
[0.248s] Level 5:colcon.colcon_core.verb:set package 'px4_msgs' build argument 'cmake_clean_cache' from command line to 'False'
[0.248s] Level 5:colcon.colcon_core.verb:set package 'px4_msgs' build argument 'cmake_clean_first' from command line to 'False'
[0.248s] Level 5:colcon.colcon_core.verb:set package 'px4_msgs' build argument 'cmake_force_configure' from command line to 'False'
[0.248s] Level 5:colcon.colcon_core.verb:set package 'px4_msgs' build argument 'ament_cmake_args' from command line to 'None'
[0.248s] Level 5:colcon.colcon_core.verb:set package 'px4_msgs' build argument 'catkin_cmake_args' from command line to 'None'
[0.248s] Level 5:colcon.colcon_core.verb:set package 'px4_msgs' build argument 'catkin_skip_building_tests' from command line to 'False'
[0.248s] DEBUG:colcon.colcon_core.verb:Building package 'px4_msgs' with the following arguments: {'ament_cmake_args': None, 'build_base': '/home/haivubui/px4_ws/build/px4_msgs', 'catkin_cmake_args': None, 'catkin_skip_building_tests': False, 'cmake_args': None, 'cmake_clean_cache': False, 'cmake_clean_first': False, 'cmake_force_configure': False, 'cmake_target': None, 'cmake_target_skip_unavailable': False, 'install_base': '/home/haivubui/px4_ws/install/px4_msgs', 'merge_install': False, 'path': '/home/haivubui/px4_ws/src/px4_msgs', 'symlink_install': False, 'test_result_base': None}
[0.248s] Level 5:colcon.colcon_core.verb:set package 'px4_offboard' build argument 'cmake_args' from command line to 'None'
[0.248s] Level 5:colcon.colcon_core.verb:set package 'px4_offboard' build argument 'cmake_target' from command line to 'None'
[0.248s] Level 5:colcon.colcon_core.verb:set package 'px4_offboard' build argument 'cmake_target_skip_unavailable' from command line to 'False'
[0.248s] Level 5:colcon.colcon_core.verb:set package 'px4_offboard' build argument 'cmake_clean_cache' from command line to 'False'
[0.248s] Level 5:colcon.colcon_core.verb:set package 'px4_offboard' build argument 'cmake_clean_first' from command line to 'False'
[0.248s] Level 5:colcon.colcon_core.verb:set package 'px4_offboard' build argument 'cmake_force_configure' from command line to 'False'
[0.248s] Level 5:colcon.colcon_core.verb:set package 'px4_offboard' build argument 'ament_cmake_args' from command line to 'None'
[0.248s] Level 5:colcon.colcon_core.verb:set package 'px4_offboard' build argument 'catkin_cmake_args' from command line to 'None'
[0.248s] Level 5:colcon.colcon_core.verb:set package 'px4_offboard' build argument 'catkin_skip_building_tests' from command line to 'False'
[0.248s] DEBUG:colcon.colcon_core.verb:Building package 'px4_offboard' with the following arguments: {'ament_cmake_args': None, 'build_base': '/home/haivubui/px4_ws/build/px4_offboard', 'catkin_cmake_args': None, 'catkin_skip_building_tests': False, 'cmake_args': None, 'cmake_clean_cache': False, 'cmake_clean_first': False, 'cmake_force_configure': False, 'cmake_target': None, 'cmake_target_skip_unavailable': False, 'install_base': '/home/haivubui/px4_ws/install/px4_offboard', 'merge_install': False, 'path': '/home/haivubui/px4_ws/src/px4-offboard', 'symlink_install': False, 'test_result_base': None}
[0.249s] INFO:colcon.colcon_core.executor:Executing jobs using 'parallel' executor
[0.250s] DEBUG:colcon.colcon_parallel_executor.executor.parallel:run_until_complete
[0.250s] INFO:colcon.colcon_ros.task.ament_cmake.build:Building ROS package in '/home/haivubui/px4_ws/src/px4_msgs' with build type 'ament_cmake'
[0.251s] INFO:colcon.colcon_cmake.task.cmake.build:Building CMake package in '/home/haivubui/px4_ws/src/px4_msgs'
[0.253s] INFO:colcon.colcon_core.plugin_system:Skipping extension 'colcon_core.shell.bat': Not used on non-Windows systems
[0.253s] INFO:colcon.colcon_core.shell:Skip shell extension 'powershell' for command environment: Not usable outside of PowerShell
[0.253s] DEBUG:colcon.colcon_core.shell:Skip shell extension 'dsv' for command environment
[0.261s] DEBUG:colcon.colcon_core.event_handler.log_command:Invoking command in '/home/haivubui/px4_ws/build/px4_msgs': CMAKE_PREFIX_PATH=/opt/ros/humble /usr/bin/cmake --build /home/haivubui/px4_ws/build/px4_msgs -- -j4 -l4
[2.021s] DEBUG:colcon.colcon_core.event_handler.log_command:Invoked command in '/home/haivubui/px4_ws/build/px4_msgs' returned '0': CMAKE_PREFIX_PATH=/opt/ros/humble /usr/bin/cmake --build /home/haivubui/px4_ws/build/px4_msgs -- -j4 -l4
[10.215s] DEBUG:colcon.colcon_core.event_handler.log_command:Invoking command in '/home/haivubui/px4_ws/build/px4_msgs': CMAKE_PREFIX_PATH=/opt/ros/humble /usr/bin/cmake --install /home/haivubui/px4_ws/build/px4_msgs
[11.102s] Level 1:colcon.colcon_core.environment:create_environment_scripts_only(px4_msgs)
[11.104s] Level 1:colcon.colcon_core.environment:checking '/home/haivubui/px4_ws/install/px4_msgs' for CMake module files
[11.105s] DEBUG:colcon.colcon_core.event_handler.log_command:Invoked command in '/home/haivubui/px4_ws/build/px4_msgs' returned '0': CMAKE_PREFIX_PATH=/opt/ros/humble /usr/bin/cmake --install /home/haivubui/px4_ws/build/px4_msgs
[11.106s] Level 1:colcon.colcon_core.environment:checking '/home/haivubui/px4_ws/install/px4_msgs' for CMake config files
[11.108s] Level 1:colcon.colcon_core.shell:create_environment_hook('px4_msgs', 'cmake_prefix_path')
[11.108s] INFO:colcon.colcon_core.shell:Creating environment hook '/home/haivubui/px4_ws/install/px4_msgs/share/px4_msgs/hook/cmake_prefix_path.ps1'
[11.109s] INFO:colcon.colcon_core.shell:Creating environment descriptor '/home/haivubui/px4_ws/install/px4_msgs/share/px4_msgs/hook/cmake_prefix_path.dsv'
[11.109s] INFO:colcon.colcon_core.shell:Creating environment hook '/home/haivubui/px4_ws/install/px4_msgs/share/px4_msgs/hook/cmake_prefix_path.sh'
[11.112s] Level 1:colcon.colcon_core.environment:checking '/home/haivubui/px4_ws/install/px4_msgs/lib'
[11.112s] Level 1:colcon.colcon_core.shell:create_environment_hook('px4_msgs', 'ld_library_path_lib')
[11.112s] INFO:colcon.colcon_core.shell:Creating environment hook '/home/haivubui/px4_ws/install/px4_msgs/share/px4_msgs/hook/ld_library_path_lib.ps1'
[11.113s] INFO:colcon.colcon_core.shell:Creating environment descriptor '/home/haivubui/px4_ws/install/px4_msgs/share/px4_msgs/hook/ld_library_path_lib.dsv'
[11.113s] INFO:colcon.colcon_core.shell:Creating environment hook '/home/haivubui/px4_ws/install/px4_msgs/share/px4_msgs/hook/ld_library_path_lib.sh'
[11.114s] Level 1:colcon.colcon_core.environment:checking '/home/haivubui/px4_ws/install/px4_msgs/bin'
[11.114s] Level 1:colcon.colcon_core.environment:checking '/home/haivubui/px4_ws/install/px4_msgs/lib/pkgconfig/px4_msgs.pc'
[11.114s] Level 1:colcon.colcon_core.environment:checking '/home/haivubui/px4_ws/install/px4_msgs/lib/python3.10/site-packages'
[11.114s] Level 1:colcon.colcon_core.environment:checking '/home/haivubui/px4_ws/install/px4_msgs/bin'
[11.115s] INFO:colcon.colcon_core.shell:Creating package script '/home/haivubui/px4_ws/install/px4_msgs/share/px4_msgs/package.ps1'
[11.116s] INFO:colcon.colcon_core.shell:Creating package descriptor '/home/haivubui/px4_ws/install/px4_msgs/share/px4_msgs/package.dsv'
[11.117s] INFO:colcon.colcon_core.shell:Creating package script '/home/haivubui/px4_ws/install/px4_msgs/share/px4_msgs/package.sh'
[11.117s] INFO:colcon.colcon_core.shell:Creating package script '/home/haivubui/px4_ws/install/px4_msgs/share/px4_msgs/package.bash'
[11.118s] INFO:colcon.colcon_core.shell:Creating package script '/home/haivubui/px4_ws/install/px4_msgs/share/px4_msgs/package.zsh'
[11.119s] Level 1:colcon.colcon_core.environment:create_file_with_runtime_dependencies(/home/haivubui/px4_ws/install/px4_msgs/share/colcon-core/packages/px4_msgs)
[21.290s] Level 1:colcon.colcon_core.environment:create_environment_scripts_only(px4_msgs)
[21.291s] Level 1:colcon.colcon_core.environment:checking '/home/haivubui/px4_ws/install/px4_msgs' for CMake module files
[21.291s] Level 1:colcon.colcon_core.environment:checking '/home/haivubui/px4_ws/install/px4_msgs' for CMake config files
[21.294s] Level 1:colcon.colcon_core.shell:create_environment_hook('px4_msgs', 'cmake_prefix_path')
[21.294s] INFO:colcon.colcon_core.shell:Creating environment hook '/home/haivubui/px4_ws/install/px4_msgs/share/px4_msgs/hook/cmake_prefix_path.ps1'
[21.295s] INFO:colcon.colcon_core.shell:Creating environment descriptor '/home/haivubui/px4_ws/install/px4_msgs/share/px4_msgs/hook/cmake_prefix_path.dsv'
[21.295s] INFO:colcon.colcon_core.shell:Creating environment hook '/home/haivubui/px4_ws/install/px4_msgs/share/px4_msgs/hook/cmake_prefix_path.sh'
[21.296s] Level 1:colcon.colcon_core.environment:checking '/home/haivubui/px4_ws/install/px4_msgs/lib'
[21.296s] Level 1:colcon.colcon_core.shell:create_environment_hook('px4_msgs', 'ld_library_path_lib')
[21.296s] INFO:colcon.colcon_core.shell:Creating environment hook '/home/haivubui/px4_ws/install/px4_msgs/share/px4_msgs/hook/ld_library_path_lib.ps1'
[21.297s] INFO:colcon.colcon_core.shell:Creating environment descriptor '/home/haivubui/px4_ws/install/px4_msgs/share/px4_msgs/hook/ld_library_path_lib.dsv'
[21.298s] INFO:colcon.colcon_core.shell:Creating environment hook '/home/haivubui/px4_ws/install/px4_msgs/share/px4_msgs/hook/ld_library_path_lib.sh'
[21.298s] Level 1:colcon.colcon_core.environment:checking '/home/haivubui/px4_ws/install/px4_msgs/bin'
[21.298s] Level 1:colcon.colcon_core.environment:checking '/home/haivubui/px4_ws/install/px4_msgs/lib/pkgconfig/px4_msgs.pc'
[21.299s] Level 1:colcon.colcon_core.environment:checking '/home/haivubui/px4_ws/install/px4_msgs/lib/python3.10/site-packages'
[21.299s] Level 1:colcon.colcon_core.environment:checking '/home/haivubui/px4_ws/install/px4_msgs/bin'
[21.299s] INFO:colcon.colcon_core.shell:Creating package script '/home/haivubui/px4_ws/install/px4_msgs/share/px4_msgs/package.ps1'
[21.302s] INFO:colcon.colcon_core.shell:Creating package descriptor '/home/haivubui/px4_ws/install/px4_msgs/share/px4_msgs/package.dsv'
[21.302s] INFO:colcon.colcon_core.shell:Creating package script '/home/haivubui/px4_ws/install/px4_msgs/share/px4_msgs/package.sh'
[21.303s] INFO:colcon.colcon_core.shell:Creating package script '/home/haivubui/px4_ws/install/px4_msgs/share/px4_msgs/package.bash'
[21.304s] INFO:colcon.colcon_core.shell:Creating package script '/home/haivubui/px4_ws/install/px4_msgs/share/px4_msgs/package.zsh'
[21.305s] Level 1:colcon.colcon_core.environment:create_file_with_runtime_dependencies(/home/haivubui/px4_ws/install/px4_msgs/share/colcon-core/packages/px4_msgs)
[21.305s] INFO:colcon.colcon_ros.task.ament_python.build:Building ROS package in '/home/haivubui/px4_ws/src/px4-offboard' with build type 'ament_python'
[21.305s] Level 1:colcon.colcon_core.shell:create_environment_hook('px4_offboard', 'ament_prefix_path')
[21.306s] INFO:colcon.colcon_core.shell:Creating environment hook '/home/haivubui/px4_ws/install/px4_offboard/share/px4_offboard/hook/ament_prefix_path.ps1'
[21.306s] INFO:colcon.colcon_core.shell:Creating environment descriptor '/home/haivubui/px4_ws/install/px4_offboard/share/px4_offboard/hook/ament_prefix_path.dsv'
[21.308s] INFO:colcon.colcon_core.shell:Creating environment hook '/home/haivubui/px4_ws/install/px4_offboard/share/px4_offboard/hook/ament_prefix_path.sh'
[21.308s] INFO:colcon.colcon_core.shell:Skip shell extension 'powershell' for command environment: Not usable outside of PowerShell
[21.308s] DEBUG:colcon.colcon_core.shell:Skip shell extension 'dsv' for command environment
[21.702s] INFO:colcon.colcon_core.task.python.build:Building Python package in '/home/haivubui/px4_ws/src/px4-offboard'
[21.702s] INFO:colcon.colcon_core.shell:Skip shell extension 'powershell' for command environment: Not usable outside of PowerShell
[21.702s] DEBUG:colcon.colcon_core.shell:Skip shell extension 'dsv' for command environment
[22.406s] DEBUG:colcon.colcon_core.event_handler.log_command:Invoking command in '/home/haivubui/px4_ws/src/px4-offboard': AMENT_PREFIX_PATH=/home/haivubui/px4_ws/install/px4_msgs:${AMENT_PREFIX_PATH} CMAKE_PREFIX_PATH=/home/haivubui/px4_ws/install/px4_msgs LD_LIBRARY_PATH=/home/haivubui/px4_ws/install/px4_msgs/lib:${LD_LIBRARY_PATH} PYTHONPATH=/home/haivubui/px4_ws/build/px4_offboard/prefix_override:/usr/lib/python3/dist-packages/colcon_core/task/python/colcon_distutils_commands:/home/haivubui/px4_ws/install/px4_offboard/lib/python3.10/site-packages:/home/haivubui/px4_ws/install/px4_msgs/local/lib/python3.10/dist-packages:${PYTHONPATH} /usr/bin/python3 -W ignore:setup.py install is deprecated setup.py egg_info --egg-base ../../build/px4_offboard build --build-base /home/haivubui/px4_ws/build/px4_offboard/build install --record /home/haivubui/px4_ws/build/px4_offboard/install.log --single-version-externally-managed install_data
[23.076s] Level 1:colcon.colcon_core.environment:checking '/home/haivubui/px4_ws/install/px4_offboard' for CMake module files
[23.077s] Level 1:colcon.colcon_core.environment:checking '/home/haivubui/px4_ws/install/px4_offboard' for CMake config files
[23.078s] Level 1:colcon.colcon_core.environment:checking '/home/haivubui/px4_ws/install/px4_offboard/lib'
[23.078s] Level 1:colcon.colcon_core.environment:checking '/home/haivubui/px4_ws/install/px4_offboard/bin'
[23.078s] Level 1:colcon.colcon_core.environment:checking '/home/haivubui/px4_ws/install/px4_offboard/lib/pkgconfig/px4_offboard.pc'
[23.077s] DEBUG:colcon.colcon_core.event_handler.log_command:Invoked command in '/home/haivubui/px4_ws/src/px4-offboard' returned '0': AMENT_PREFIX_PATH=/home/haivubui/px4_ws/install/px4_msgs:${AMENT_PREFIX_PATH} CMAKE_PREFIX_PATH=/home/haivubui/px4_ws/install/px4_msgs LD_LIBRARY_PATH=/home/haivubui/px4_ws/install/px4_msgs/lib:${LD_LIBRARY_PATH} PYTHONPATH=/home/haivubui/px4_ws/build/px4_offboard/prefix_override:/usr/lib/python3/dist-packages/colcon_core/task/python/colcon_distutils_commands:/home/haivubui/px4_ws/install/px4_offboard/lib/python3.10/site-packages:/home/haivubui/px4_ws/install/px4_msgs/local/lib/python3.10/dist-packages:${PYTHONPATH} /usr/bin/python3 -W ignore:setup.py install is deprecated setup.py egg_info --egg-base ../../build/px4_offboard build --build-base /home/haivubui/px4_ws/build/px4_offboard/build install --record /home/haivubui/px4_ws/build/px4_offboard/install.log --single-version-externally-managed install_data
[23.081s] Level 1:colcon.colcon_core.environment:checking '/home/haivubui/px4_ws/install/px4_offboard/lib/python3.10/site-packages'
[23.083s] Level 1:colcon.colcon_core.shell:create_environment_hook('px4_offboard', 'pythonpath')
[23.083s] INFO:colcon.colcon_core.shell:Creating environment hook '/home/haivubui/px4_ws/install/px4_offboard/share/px4_offboard/hook/pythonpath.ps1'
[23.084s] INFO:colcon.colcon_core.shell:Creating environment descriptor '/home/haivubui/px4_ws/install/px4_offboard/share/px4_offboard/hook/pythonpath.dsv'
[23.086s] INFO:colcon.colcon_core.shell:Creating environment hook '/home/haivubui/px4_ws/install/px4_offboard/share/px4_offboard/hook/pythonpath.sh'
[23.087s] Level 1:colcon.colcon_core.environment:checking '/home/haivubui/px4_ws/install/px4_offboard/bin'
[23.087s] Level 1:colcon.colcon_core.environment:create_environment_scripts_only(px4_offboard)
[23.087s] INFO:colcon.colcon_core.shell:Creating package script '/home/haivubui/px4_ws/install/px4_offboard/share/px4_offboard/package.ps1'
[23.089s] INFO:colcon.colcon_core.shell:Creating package descriptor '/home/haivubui/px4_ws/install/px4_offboard/share/px4_offboard/package.dsv'
[23.090s] INFO:colcon.colcon_core.shell:Creating package script '/home/haivubui/px4_ws/install/px4_offboard/share/px4_offboard/package.sh'
[23.090s] INFO:colcon.colcon_core.shell:Creating package script '/home/haivubui/px4_ws/install/px4_offboard/share/px4_offboard/package.bash'
[23.091s] INFO:colcon.colcon_core.shell:Creating package script '/home/haivubui/px4_ws/install/px4_offboard/share/px4_offboard/package.zsh'
[23.091s] Level 1:colcon.colcon_core.environment:create_file_with_runtime_dependencies(/home/haivubui/px4_ws/install/px4_offboard/share/colcon-core/packages/px4_offboard)
[23.094s] DEBUG:colcon.colcon_parallel_executor.executor.parallel:closing loop
[23.094s] DEBUG:colcon.colcon_parallel_executor.executor.parallel:loop closed
[23.094s] DEBUG:colcon.colcon_parallel_executor.executor.parallel:run_until_complete finished with '0'
[23.094s] DEBUG:colcon.colcon_core.event_reactor:joining thread
[23.105s] INFO:colcon.colcon_core.plugin_system:Skipping extension 'colcon_notification.desktop_notification.terminal_notifier': Not used on non-Darwin systems
[23.105s] INFO:colcon.colcon_core.plugin_system:Skipping extension 'colcon_notification.desktop_notification.win32': Not used on non-Windows systems
[23.105s] INFO:colcon.colcon_notification.desktop_notification:Sending desktop notification using 'notify2'
[23.132s] DEBUG:colcon.colcon_core.event_reactor:joined thread
[23.133s] INFO:colcon.colcon_core.shell:Creating prefix script '/home/haivubui/px4_ws/install/local_setup.ps1'
[23.136s] INFO:colcon.colcon_core.shell:Creating prefix util module '/home/haivubui/px4_ws/install/_local_setup_util_ps1.py'
[23.140s] INFO:colcon.colcon_core.shell:Creating prefix chain script '/home/haivubui/px4_ws/install/setup.ps1'
[23.141s] INFO:colcon.colcon_core.shell:Creating prefix script '/home/haivubui/px4_ws/install/local_setup.sh'
[23.142s] INFO:colcon.colcon_core.shell:Creating prefix util module '/home/haivubui/px4_ws/install/_local_setup_util_sh.py'
[23.142s] INFO:colcon.colcon_core.shell:Creating prefix chain script '/home/haivubui/px4_ws/install/setup.sh'
[23.143s] INFO:colcon.colcon_core.shell:Creating prefix script '/home/haivubui/px4_ws/install/local_setup.bash'
[23.144s] INFO:colcon.colcon_core.shell:Creating prefix chain script '/home/haivubui/px4_ws/install/setup.bash'
[23.148s] INFO:colcon.colcon_core.shell:Creating prefix script '/home/haivubui/px4_ws/install/local_setup.zsh'
[23.149s] INFO:colcon.colcon_core.shell:Creating prefix chain script '/home/haivubui/px4_ws/install/setup.zsh'
