[0.114s] DEBUG:colcon:Command line arguments: ['/usr/bin/colcon', 'build']
[0.114s] DEBUG:colcon:Parsed command line arguments: Namespace(log_base=None, log_level=None, verb_name='build', build_base='build', install_base='install', merge_install=False, symlink_install=False, test_result_base=None, continue_on_error=False, executor='parallel', parallel_workers=4, event_handlers=None, ignore_user_meta=False, metas=['./colcon.meta'], base_paths=['.'], packages_ignore=None, packages_ignore_regex=None, paths=None, packages_up_to=None, packages_up_to_regex=None, packages_above=None, packages_above_and_dependencies=None, packages_above_depth=None, packages_select_by_dep=None, packages_skip_by_dep=None, packages_skip_up_to=None, packages_select_build_failed=False, packages_skip_build_finished=False, packages_select_test_failures=False, packages_skip_test_passed=False, packages_select=None, packages_skip=None, packages_select_regex=None, packages_skip_regex=None, packages_start=None, packages_end=None, allow_overriding=[], cmake_args=None, cmake_target=None, cmake_target_skip_unavailable=False, cmake_clean_cache=False, cmake_clean_first=False, cmake_force_configure=False, ament_cmake_args=None, catkin_cmake_args=None, catkin_skip_building_tests=False, mixin_files=None, mixin=None, verb_parser=<colcon_mixin.mixin.mixin_argument.MixinArgumentDecorator object at 0x713c7833a8f0>, verb_extension=<colcon_core.verb.build.BuildVerb object at 0x713c7833a380>, main=<bound method BuildVerb.main of <colcon_core.verb.build.BuildVerb object at 0x713c7833a380>>, mixin_verb=('build',))
[0.154s] Level 1:colcon.colcon_core.package_discovery:discover_packages(colcon_meta) check parameters
[0.155s] Level 1:colcon.colcon_core.package_discovery:discover_packages(recursive) check parameters
[0.155s] Level 1:colcon.colcon_core.package_discovery:discover_packages(ignore) check parameters
[0.155s] Level 1:colcon.colcon_core.package_discovery:discover_packages(path) check parameters
[0.155s] Level 1:colcon.colcon_core.package_discovery:discover_packages(colcon_meta) discover
[0.155s] Level 1:colcon.colcon_core.package_discovery:discover_packages(recursive) discover
[0.155s] INFO:colcon.colcon_core.package_discovery:Crawling recursively for packages in '/home/haivubui/px4_ws'
[0.155s] Level 1:colcon.colcon_core.package_identification:_identify(.) by extensions ['ignore', 'ignore_ament_install']
[0.155s] Level 1:colcon.colcon_core.package_identification:_identify(.) by extension 'ignore'
[0.155s] Level 1:colcon.colcon_core.package_identification:_identify(.) by extension 'ignore_ament_install'
[0.155s] Level 1:colcon.colcon_core.package_identification:_identify(.) by extensions ['colcon_pkg']
[0.155s] Level 1:colcon.colcon_core.package_identification:_identify(.) by extension 'colcon_pkg'
[0.155s] Level 1:colcon.colcon_core.package_identification:_identify(.) by extensions ['colcon_meta']
[0.155s] Level 1:colcon.colcon_core.package_identification:_identify(.) by extension 'colcon_meta'
[0.155s] Level 1:colcon.colcon_core.package_identification:_identify(.) by extensions ['ros']
[0.155s] Level 1:colcon.colcon_core.package_identification:_identify(.) by extension 'ros'
[0.171s] Level 1:colcon.colcon_core.package_identification:_identify(.) by extensions ['cmake', 'python']
[0.171s] Level 1:colcon.colcon_core.package_identification:_identify(.) by extension 'cmake'
[0.171s] Level 1:colcon.colcon_core.package_identification:_identify(.) by extension 'python'
[0.171s] Level 1:colcon.colcon_core.package_identification:_identify(.) by extensions ['python_setup_py']
[0.171s] Level 1:colcon.colcon_core.package_identification:_identify(.) by extension 'python_setup_py'
[0.171s] Level 1:colcon.colcon_core.package_identification:_identify(build) by extensions ['ignore', 'ignore_ament_install']
[0.171s] Level 1:colcon.colcon_core.package_identification:_identify(build) by extension 'ignore'
[0.171s] Level 1:colcon.colcon_core.package_identification:_identify(build) ignored
[0.171s] Level 1:colcon.colcon_core.package_identification:_identify(data) by extensions ['ignore', 'ignore_ament_install']
[0.172s] Level 1:colcon.colcon_core.package_identification:_identify(data) by extension 'ignore'
[0.172s] Level 1:colcon.colcon_core.package_identification:_identify(data) by extension 'ignore_ament_install'
[0.172s] Level 1:colcon.colcon_core.package_identification:_identify(data) by extensions ['colcon_pkg']
[0.172s] Level 1:colcon.colcon_core.package_identification:_identify(data) by extension 'colcon_pkg'
[0.172s] Level 1:colcon.colcon_core.package_identification:_identify(data) by extensions ['colcon_meta']
[0.172s] Level 1:colcon.colcon_core.package_identification:_identify(data) by extension 'colcon_meta'
[0.172s] Level 1:colcon.colcon_core.package_identification:_identify(data) by extensions ['ros']
[0.172s] Level 1:colcon.colcon_core.package_identification:_identify(data) by extension 'ros'
[0.172s] Level 1:colcon.colcon_core.package_identification:_identify(data) by extensions ['cmake', 'python']
[0.172s] Level 1:colcon.colcon_core.package_identification:_identify(data) by extension 'cmake'
[0.172s] Level 1:colcon.colcon_core.package_identification:_identify(data) by extension 'python'
[0.172s] Level 1:colcon.colcon_core.package_identification:_identify(data) by extensions ['python_setup_py']
[0.172s] Level 1:colcon.colcon_core.package_identification:_identify(data) by extension 'python_setup_py'
[0.172s] Level 1:colcon.colcon_core.package_identification:_identify(install) by extensions ['ignore', 'ignore_ament_install']
[0.172s] Level 1:colcon.colcon_core.package_identification:_identify(install) by extension 'ignore'
[0.172s] Level 1:colcon.colcon_core.package_identification:_identify(install) ignored
[0.172s] Level 1:colcon.colcon_core.package_identification:_identify(log) by extensions ['ignore', 'ignore_ament_install']
[0.173s] Level 1:colcon.colcon_core.package_identification:_identify(log) by extension 'ignore'
[0.173s] Level 1:colcon.colcon_core.package_identification:_identify(log) ignored
[0.173s] Level 1:colcon.colcon_core.package_identification:_identify(src) by extensions ['ignore', 'ignore_ament_install']
[0.173s] Level 1:colcon.colcon_core.package_identification:_identify(src) by extension 'ignore'
[0.173s] Level 1:colcon.colcon_core.package_identification:_identify(src) by extension 'ignore_ament_install'
[0.173s] Level 1:colcon.colcon_core.package_identification:_identify(src) by extensions ['colcon_pkg']
[0.173s] Level 1:colcon.colcon_core.package_identification:_identify(src) by extension 'colcon_pkg'
[0.173s] Level 1:colcon.colcon_core.package_identification:_identify(src) by extensions ['colcon_meta']
[0.173s] Level 1:colcon.colcon_core.package_identification:_identify(src) by extension 'colcon_meta'
[0.173s] Level 1:colcon.colcon_core.package_identification:_identify(src) by extensions ['ros']
[0.173s] Level 1:colcon.colcon_core.package_identification:_identify(src) by extension 'ros'
[0.173s] Level 1:colcon.colcon_core.package_identification:_identify(src) by extensions ['cmake', 'python']
[0.173s] Level 1:colcon.colcon_core.package_identification:_identify(src) by extension 'cmake'
[0.173s] Level 1:colcon.colcon_core.package_identification:_identify(src) by extension 'python'
[0.173s] Level 1:colcon.colcon_core.package_identification:_identify(src) by extensions ['python_setup_py']
[0.173s] Level 1:colcon.colcon_core.package_identification:_identify(src) by extension 'python_setup_py'
[0.173s] Level 1:colcon.colcon_core.package_identification:_identify(src/px4-offboard) by extensions ['ignore', 'ignore_ament_install']
[0.174s] Level 1:colcon.colcon_core.package_identification:_identify(src/px4-offboard) by extension 'ignore'
[0.174s] Level 1:colcon.colcon_core.package_identification:_identify(src/px4-offboard) by extension 'ignore_ament_install'
[0.174s] Level 1:colcon.colcon_core.package_identification:_identify(src/px4-offboard) by extensions ['colcon_pkg']
[0.174s] Level 1:colcon.colcon_core.package_identification:_identify(src/px4-offboard) by extension 'colcon_pkg'
[0.174s] Level 1:colcon.colcon_core.package_identification:_identify(src/px4-offboard) by extensions ['colcon_meta']
[0.174s] Level 1:colcon.colcon_core.package_identification:_identify(src/px4-offboard) by extension 'colcon_meta'
[0.174s] Level 1:colcon.colcon_core.package_identification:_identify(src/px4-offboard) by extensions ['ros']
[0.174s] Level 1:colcon.colcon_core.package_identification:_identify(src/px4-offboard) by extension 'ros'
[0.176s] DEBUG:colcon.colcon_core.package_identification:Package 'src/px4-offboard' with type 'ros.ament_python' and name 'px4_offboard'
[0.177s] Level 1:colcon.colcon_core.package_identification:_identify(src/px4_msgs) by extensions ['ignore', 'ignore_ament_install']
[0.177s] Level 1:colcon.colcon_core.package_identification:_identify(src/px4_msgs) by extension 'ignore'
[0.177s] Level 1:colcon.colcon_core.package_identification:_identify(src/px4_msgs) by extension 'ignore_ament_install'
[0.177s] Level 1:colcon.colcon_core.package_identification:_identify(src/px4_msgs) by extensions ['colcon_pkg']
[0.177s] Level 1:colcon.colcon_core.package_identification:_identify(src/px4_msgs) by extension 'colcon_pkg'
[0.177s] Level 1:colcon.colcon_core.package_identification:_identify(src/px4_msgs) by extensions ['colcon_meta']
[0.177s] Level 1:colcon.colcon_core.package_identification:_identify(src/px4_msgs) by extension 'colcon_meta'
[0.177s] Level 1:colcon.colcon_core.package_identification:_identify(src/px4_msgs) by extensions ['ros']
[0.177s] Level 1:colcon.colcon_core.package_identification:_identify(src/px4_msgs) by extension 'ros'
[0.178s] DEBUG:colcon.colcon_core.package_identification:Package 'src/px4_msgs' with type 'ros.ament_cmake' and name 'px4_msgs'
[0.178s] Level 1:colcon.colcon_core.package_discovery:discover_packages(recursive) using defaults
[0.178s] Level 1:colcon.colcon_core.package_discovery:discover_packages(ignore) discover
[0.178s] Level 1:colcon.colcon_core.package_discovery:discover_packages(ignore) using defaults
[0.178s] Level 1:colcon.colcon_core.package_discovery:discover_packages(path) discover
[0.178s] Level 1:colcon.colcon_core.package_discovery:discover_packages(path) using defaults
[0.198s] Level 1:colcon.colcon_core.package_discovery:discover_packages(prefix_path) check parameters
[0.198s] Level 1:colcon.colcon_core.package_discovery:discover_packages(prefix_path) discover
[0.201s] DEBUG:colcon.colcon_installed_package_information.package_discovery:Found 277 installed packages in /opt/ros/humble
[0.202s] Level 1:colcon.colcon_core.package_discovery:discover_packages(prefix_path) using defaults
[0.241s] Level 5:colcon.colcon_core.verb:set package 'px4_msgs' build argument 'cmake_args' from command line to 'None'
[0.241s] Level 5:colcon.colcon_core.verb:set package 'px4_msgs' build argument 'cmake_target' from command line to 'None'
[0.241s] Level 5:colcon.colcon_core.verb:set package 'px4_msgs' build argument 'cmake_target_skip_unavailable' from command line to 'False'
[0.241s] Level 5:colcon.colcon_core.verb:set package 'px4_msgs' build argument 'cmake_clean_cache' from command line to 'False'
[0.241s] Level 5:colcon.colcon_core.verb:set package 'px4_msgs' build argument 'cmake_clean_first' from command line to 'False'
[0.241s] Level 5:colcon.colcon_core.verb:set package 'px4_msgs' build argument 'cmake_force_configure' from command line to 'False'
[0.241s] Level 5:colcon.colcon_core.verb:set package 'px4_msgs' build argument 'ament_cmake_args' from command line to 'None'
[0.241s] Level 5:colcon.colcon_core.verb:set package 'px4_msgs' build argument 'catkin_cmake_args' from command line to 'None'
[0.241s] Level 5:colcon.colcon_core.verb:set package 'px4_msgs' build argument 'catkin_skip_building_tests' from command line to 'False'
[0.241s] DEBUG:colcon.colcon_core.verb:Building package 'px4_msgs' with the following arguments: {'ament_cmake_args': None, 'build_base': '/home/haivubui/px4_ws/build/px4_msgs', 'catkin_cmake_args': None, 'catkin_skip_building_tests': False, 'cmake_args': None, 'cmake_clean_cache': False, 'cmake_clean_first': False, 'cmake_force_configure': False, 'cmake_target': None, 'cmake_target_skip_unavailable': False, 'install_base': '/home/haivubui/px4_ws/install/px4_msgs', 'merge_install': False, 'path': '/home/haivubui/px4_ws/src/px4_msgs', 'symlink_install': False, 'test_result_base': None}
[0.242s] Level 5:colcon.colcon_core.verb:set package 'px4_offboard' build argument 'cmake_args' from command line to 'None'
[0.242s] Level 5:colcon.colcon_core.verb:set package 'px4_offboard' build argument 'cmake_target' from command line to 'None'
[0.242s] Level 5:colcon.colcon_core.verb:set package 'px4_offboard' build argument 'cmake_target_skip_unavailable' from command line to 'False'
[0.242s] Level 5:colcon.colcon_core.verb:set package 'px4_offboard' build argument 'cmake_clean_cache' from command line to 'False'
[0.242s] Level 5:colcon.colcon_core.verb:set package 'px4_offboard' build argument 'cmake_clean_first' from command line to 'False'
[0.242s] Level 5:colcon.colcon_core.verb:set package 'px4_offboard' build argument 'cmake_force_configure' from command line to 'False'
[0.242s] Level 5:colcon.colcon_core.verb:set package 'px4_offboard' build argument 'ament_cmake_args' from command line to 'None'
[0.242s] Level 5:colcon.colcon_core.verb:set package 'px4_offboard' build argument 'catkin_cmake_args' from command line to 'None'
[0.242s] Level 5:colcon.colcon_core.verb:set package 'px4_offboard' build argument 'catkin_skip_building_tests' from command line to 'False'
[0.242s] DEBUG:colcon.colcon_core.verb:Building package 'px4_offboard' with the following arguments: {'ament_cmake_args': None, 'build_base': '/home/haivubui/px4_ws/build/px4_offboard', 'catkin_cmake_args': None, 'catkin_skip_building_tests': False, 'cmake_args': None, 'cmake_clean_cache': False, 'cmake_clean_first': False, 'cmake_force_configure': False, 'cmake_target': None, 'cmake_target_skip_unavailable': False, 'install_base': '/home/haivubui/px4_ws/install/px4_offboard', 'merge_install': False, 'path': '/home/haivubui/px4_ws/src/px4-offboard', 'symlink_install': False, 'test_result_base': None}
[0.242s] INFO:colcon.colcon_core.executor:Executing jobs using 'parallel' executor
[0.243s] DEBUG:colcon.colcon_parallel_executor.executor.parallel:run_until_complete
[0.243s] INFO:colcon.colcon_ros.task.ament_cmake.build:Building ROS package in '/home/haivubui/px4_ws/src/px4_msgs' with build type 'ament_cmake'
[0.243s] INFO:colcon.colcon_cmake.task.cmake.build:Building CMake package in '/home/haivubui/px4_ws/src/px4_msgs'
[0.245s] INFO:colcon.colcon_core.plugin_system:Skipping extension 'colcon_core.shell.bat': Not used on non-Windows systems
[0.246s] INFO:colcon.colcon_core.shell:Skip shell extension 'powershell' for command environment: Not usable outside of PowerShell
[0.246s] DEBUG:colcon.colcon_core.shell:Skip shell extension 'dsv' for command environment
[0.254s] DEBUG:colcon.colcon_core.event_handler.log_command:Invoking command in '/home/haivubui/px4_ws/build/px4_msgs': CMAKE_PREFIX_PATH=/opt/ros/humble /usr/bin/cmake --build /home/haivubui/px4_ws/build/px4_msgs -- -j4 -l4
[1.694s] DEBUG:colcon.colcon_core.event_handler.log_command:Invoked command in '/home/haivubui/px4_ws/build/px4_msgs' returned '0': CMAKE_PREFIX_PATH=/opt/ros/humble /usr/bin/cmake --build /home/haivubui/px4_ws/build/px4_msgs -- -j4 -l4
[6.405s] DEBUG:colcon.colcon_core.event_handler.log_command:Invoking command in '/home/haivubui/px4_ws/build/px4_msgs': CMAKE_PREFIX_PATH=/opt/ros/humble /usr/bin/cmake --install /home/haivubui/px4_ws/build/px4_msgs
[6.827s] Level 1:colcon.colcon_core.environment:create_environment_scripts_only(px4_msgs)
[6.829s] DEBUG:colcon.colcon_core.event_handler.log_command:Invoked command in '/home/haivubui/px4_ws/build/px4_msgs' returned '0': CMAKE_PREFIX_PATH=/opt/ros/humble /usr/bin/cmake --install /home/haivubui/px4_ws/build/px4_msgs
[6.832s] Level 1:colcon.colcon_core.environment:checking '/home/haivubui/px4_ws/install/px4_msgs' for CMake module files
[6.832s] Level 1:colcon.colcon_core.environment:checking '/home/haivubui/px4_ws/install/px4_msgs' for CMake config files
[6.834s] Level 1:colcon.colcon_core.shell:create_environment_hook('px4_msgs', 'cmake_prefix_path')
[6.836s] INFO:colcon.colcon_core.shell:Creating environment hook '/home/haivubui/px4_ws/install/px4_msgs/share/px4_msgs/hook/cmake_prefix_path.ps1'
[6.838s] INFO:colcon.colcon_core.shell:Creating environment descriptor '/home/haivubui/px4_ws/install/px4_msgs/share/px4_msgs/hook/cmake_prefix_path.dsv'
[6.838s] INFO:colcon.colcon_core.shell:Creating environment hook '/home/haivubui/px4_ws/install/px4_msgs/share/px4_msgs/hook/cmake_prefix_path.sh'
[6.839s] Level 1:colcon.colcon_core.environment:checking '/home/haivubui/px4_ws/install/px4_msgs/lib'
[6.839s] Level 1:colcon.colcon_core.shell:create_environment_hook('px4_msgs', 'ld_library_path_lib')
[6.840s] INFO:colcon.colcon_core.shell:Creating environment hook '/home/haivubui/px4_ws/install/px4_msgs/share/px4_msgs/hook/ld_library_path_lib.ps1'
[6.841s] INFO:colcon.colcon_core.shell:Creating environment descriptor '/home/haivubui/px4_ws/install/px4_msgs/share/px4_msgs/hook/ld_library_path_lib.dsv'
[6.842s] INFO:colcon.colcon_core.shell:Creating environment hook '/home/haivubui/px4_ws/install/px4_msgs/share/px4_msgs/hook/ld_library_path_lib.sh'
[6.842s] Level 1:colcon.colcon_core.environment:checking '/home/haivubui/px4_ws/install/px4_msgs/bin'
[6.843s] Level 1:colcon.colcon_core.environment:checking '/home/haivubui/px4_ws/install/px4_msgs/lib/pkgconfig/px4_msgs.pc'
[6.843s] Level 1:colcon.colcon_core.environment:checking '/home/haivubui/px4_ws/install/px4_msgs/lib/python3.10/site-packages'
[6.843s] Level 1:colcon.colcon_core.environment:checking '/home/haivubui/px4_ws/install/px4_msgs/bin'
[6.843s] INFO:colcon.colcon_core.shell:Creating package script '/home/haivubui/px4_ws/install/px4_msgs/share/px4_msgs/package.ps1'
[6.845s] INFO:colcon.colcon_core.shell:Creating package descriptor '/home/haivubui/px4_ws/install/px4_msgs/share/px4_msgs/package.dsv'
[6.845s] INFO:colcon.colcon_core.shell:Creating package script '/home/haivubui/px4_ws/install/px4_msgs/share/px4_msgs/package.sh'
[6.847s] INFO:colcon.colcon_core.shell:Creating package script '/home/haivubui/px4_ws/install/px4_msgs/share/px4_msgs/package.bash'
[6.848s] INFO:colcon.colcon_core.shell:Creating package script '/home/haivubui/px4_ws/install/px4_msgs/share/px4_msgs/package.zsh'
[6.850s] Level 1:colcon.colcon_core.environment:create_file_with_runtime_dependencies(/home/haivubui/px4_ws/install/px4_msgs/share/colcon-core/packages/px4_msgs)
[12.809s] Level 1:colcon.colcon_core.environment:create_environment_scripts_only(px4_msgs)
[12.809s] Level 1:colcon.colcon_core.environment:checking '/home/haivubui/px4_ws/install/px4_msgs' for CMake module files
[12.810s] Level 1:colcon.colcon_core.environment:checking '/home/haivubui/px4_ws/install/px4_msgs' for CMake config files
[12.813s] Level 1:colcon.colcon_core.shell:create_environment_hook('px4_msgs', 'cmake_prefix_path')
[12.814s] INFO:colcon.colcon_core.shell:Creating environment hook '/home/haivubui/px4_ws/install/px4_msgs/share/px4_msgs/hook/cmake_prefix_path.ps1'
[12.814s] INFO:colcon.colcon_core.shell:Creating environment descriptor '/home/haivubui/px4_ws/install/px4_msgs/share/px4_msgs/hook/cmake_prefix_path.dsv'
[12.815s] INFO:colcon.colcon_core.shell:Creating environment hook '/home/haivubui/px4_ws/install/px4_msgs/share/px4_msgs/hook/cmake_prefix_path.sh'
[12.815s] Level 1:colcon.colcon_core.environment:checking '/home/haivubui/px4_ws/install/px4_msgs/lib'
[12.815s] Level 1:colcon.colcon_core.shell:create_environment_hook('px4_msgs', 'ld_library_path_lib')
[12.816s] INFO:colcon.colcon_core.shell:Creating environment hook '/home/haivubui/px4_ws/install/px4_msgs/share/px4_msgs/hook/ld_library_path_lib.ps1'
[12.817s] INFO:colcon.colcon_core.shell:Creating environment descriptor '/home/haivubui/px4_ws/install/px4_msgs/share/px4_msgs/hook/ld_library_path_lib.dsv'
[12.817s] INFO:colcon.colcon_core.shell:Creating environment hook '/home/haivubui/px4_ws/install/px4_msgs/share/px4_msgs/hook/ld_library_path_lib.sh'
[12.818s] Level 1:colcon.colcon_core.environment:checking '/home/haivubui/px4_ws/install/px4_msgs/bin'
[12.818s] Level 1:colcon.colcon_core.environment:checking '/home/haivubui/px4_ws/install/px4_msgs/lib/pkgconfig/px4_msgs.pc'
[12.818s] Level 1:colcon.colcon_core.environment:checking '/home/haivubui/px4_ws/install/px4_msgs/lib/python3.10/site-packages'
[12.819s] Level 1:colcon.colcon_core.environment:checking '/home/haivubui/px4_ws/install/px4_msgs/bin'
[12.819s] INFO:colcon.colcon_core.shell:Creating package script '/home/haivubui/px4_ws/install/px4_msgs/share/px4_msgs/package.ps1'
[12.820s] INFO:colcon.colcon_core.shell:Creating package descriptor '/home/haivubui/px4_ws/install/px4_msgs/share/px4_msgs/package.dsv'
[12.821s] INFO:colcon.colcon_core.shell:Creating package script '/home/haivubui/px4_ws/install/px4_msgs/share/px4_msgs/package.sh'
[12.821s] INFO:colcon.colcon_core.shell:Creating package script '/home/haivubui/px4_ws/install/px4_msgs/share/px4_msgs/package.bash'
[12.822s] INFO:colcon.colcon_core.shell:Creating package script '/home/haivubui/px4_ws/install/px4_msgs/share/px4_msgs/package.zsh'
[12.823s] Level 1:colcon.colcon_core.environment:create_file_with_runtime_dependencies(/home/haivubui/px4_ws/install/px4_msgs/share/colcon-core/packages/px4_msgs)
[12.824s] INFO:colcon.colcon_ros.task.ament_python.build:Building ROS package in '/home/haivubui/px4_ws/src/px4-offboard' with build type 'ament_python'
[12.825s] Level 1:colcon.colcon_core.shell:create_environment_hook('px4_offboard', 'ament_prefix_path')
[12.825s] INFO:colcon.colcon_core.shell:Creating environment hook '/home/haivubui/px4_ws/install/px4_offboard/share/px4_offboard/hook/ament_prefix_path.ps1'
[12.826s] INFO:colcon.colcon_core.shell:Creating environment descriptor '/home/haivubui/px4_ws/install/px4_offboard/share/px4_offboard/hook/ament_prefix_path.dsv'
[12.826s] INFO:colcon.colcon_core.shell:Creating environment hook '/home/haivubui/px4_ws/install/px4_offboard/share/px4_offboard/hook/ament_prefix_path.sh'
[12.827s] INFO:colcon.colcon_core.shell:Skip shell extension 'powershell' for command environment: Not usable outside of PowerShell
[12.827s] DEBUG:colcon.colcon_core.shell:Skip shell extension 'dsv' for command environment
[13.099s] INFO:colcon.colcon_core.task.python.build:Building Python package in '/home/haivubui/px4_ws/src/px4-offboard'
[13.099s] INFO:colcon.colcon_core.shell:Skip shell extension 'powershell' for command environment: Not usable outside of PowerShell
[13.099s] DEBUG:colcon.colcon_core.shell:Skip shell extension 'dsv' for command environment
[13.732s] DEBUG:colcon.colcon_core.event_handler.log_command:Invoking command in '/home/haivubui/px4_ws/src/px4-offboard': AMENT_PREFIX_PATH=/home/haivubui/px4_ws/install/px4_msgs:${AMENT_PREFIX_PATH} CMAKE_PREFIX_PATH=/home/haivubui/px4_ws/install/px4_msgs LD_LIBRARY_PATH=/home/haivubui/px4_ws/install/px4_msgs/lib:${LD_LIBRARY_PATH} PYTHONPATH=/home/haivubui/px4_ws/build/px4_offboard/prefix_override:/usr/lib/python3/dist-packages/colcon_core/task/python/colcon_distutils_commands:/home/haivubui/px4_ws/install/px4_offboard/lib/python3.10/site-packages:/home/haivubui/px4_ws/install/px4_msgs/local/lib/python3.10/dist-packages:${PYTHONPATH} /usr/bin/python3 -W ignore:setup.py install is deprecated setup.py egg_info --egg-base ../../build/px4_offboard build --build-base /home/haivubui/px4_ws/build/px4_offboard/build install --record /home/haivubui/px4_ws/build/px4_offboard/install.log --single-version-externally-managed install_data
[14.357s] Level 1:colcon.colcon_core.environment:checking '/home/haivubui/px4_ws/install/px4_offboard' for CMake module files
[14.358s] Level 1:colcon.colcon_core.environment:checking '/home/haivubui/px4_ws/install/px4_offboard' for CMake config files
[14.358s] Level 1:colcon.colcon_core.environment:checking '/home/haivubui/px4_ws/install/px4_offboard/lib'
[14.359s] Level 1:colcon.colcon_core.environment:checking '/home/haivubui/px4_ws/install/px4_offboard/bin'
[14.359s] Level 1:colcon.colcon_core.environment:checking '/home/haivubui/px4_ws/install/px4_offboard/lib/pkgconfig/px4_offboard.pc'
[14.359s] Level 1:colcon.colcon_core.environment:checking '/home/haivubui/px4_ws/install/px4_offboard/lib/python3.10/site-packages'
[14.359s] DEBUG:colcon.colcon_core.event_handler.log_command:Invoked command in '/home/haivubui/px4_ws/src/px4-offboard' returned '0': AMENT_PREFIX_PATH=/home/haivubui/px4_ws/install/px4_msgs:${AMENT_PREFIX_PATH} CMAKE_PREFIX_PATH=/home/haivubui/px4_ws/install/px4_msgs LD_LIBRARY_PATH=/home/haivubui/px4_ws/install/px4_msgs/lib:${LD_LIBRARY_PATH} PYTHONPATH=/home/haivubui/px4_ws/build/px4_offboard/prefix_override:/usr/lib/python3/dist-packages/colcon_core/task/python/colcon_distutils_commands:/home/haivubui/px4_ws/install/px4_offboard/lib/python3.10/site-packages:/home/haivubui/px4_ws/install/px4_msgs/local/lib/python3.10/dist-packages:${PYTHONPATH} /usr/bin/python3 -W ignore:setup.py install is deprecated setup.py egg_info --egg-base ../../build/px4_offboard build --build-base /home/haivubui/px4_ws/build/px4_offboard/build install --record /home/haivubui/px4_ws/build/px4_offboard/install.log --single-version-externally-managed install_data
[14.359s] Level 1:colcon.colcon_core.shell:create_environment_hook('px4_offboard', 'pythonpath')
[14.359s] INFO:colcon.colcon_core.shell:Creating environment hook '/home/haivubui/px4_ws/install/px4_offboard/share/px4_offboard/hook/pythonpath.ps1'
[14.360s] INFO:colcon.colcon_core.shell:Creating environment descriptor '/home/haivubui/px4_ws/install/px4_offboard/share/px4_offboard/hook/pythonpath.dsv'
[14.362s] INFO:colcon.colcon_core.shell:Creating environment hook '/home/haivubui/px4_ws/install/px4_offboard/share/px4_offboard/hook/pythonpath.sh'
[14.362s] Level 1:colcon.colcon_core.environment:checking '/home/haivubui/px4_ws/install/px4_offboard/bin'
[14.363s] Level 1:colcon.colcon_core.environment:create_environment_scripts_only(px4_offboard)
[14.363s] INFO:colcon.colcon_core.shell:Creating package script '/home/haivubui/px4_ws/install/px4_offboard/share/px4_offboard/package.ps1'
[14.363s] INFO:colcon.colcon_core.shell:Creating package descriptor '/home/haivubui/px4_ws/install/px4_offboard/share/px4_offboard/package.dsv'
[14.364s] INFO:colcon.colcon_core.shell:Creating package script '/home/haivubui/px4_ws/install/px4_offboard/share/px4_offboard/package.sh'
[14.367s] INFO:colcon.colcon_core.shell:Creating package script '/home/haivubui/px4_ws/install/px4_offboard/share/px4_offboard/package.bash'
[14.367s] INFO:colcon.colcon_core.shell:Creating package script '/home/haivubui/px4_ws/install/px4_offboard/share/px4_offboard/package.zsh'
[14.368s] Level 1:colcon.colcon_core.environment:create_file_with_runtime_dependencies(/home/haivubui/px4_ws/install/px4_offboard/share/colcon-core/packages/px4_offboard)
[14.371s] DEBUG:colcon.colcon_parallel_executor.executor.parallel:closing loop
[14.371s] DEBUG:colcon.colcon_parallel_executor.executor.parallel:loop closed
[14.371s] DEBUG:colcon.colcon_parallel_executor.executor.parallel:run_until_complete finished with '0'
[14.371s] DEBUG:colcon.colcon_core.event_reactor:joining thread
[14.378s] INFO:colcon.colcon_core.plugin_system:Skipping extension 'colcon_notification.desktop_notification.terminal_notifier': Not used on non-Darwin systems
[14.383s] INFO:colcon.colcon_core.plugin_system:Skipping extension 'colcon_notification.desktop_notification.win32': Not used on non-Windows systems
[14.383s] INFO:colcon.colcon_notification.desktop_notification:Sending desktop notification using 'notify2'
[14.421s] DEBUG:colcon.colcon_core.event_reactor:joined thread
[14.422s] INFO:colcon.colcon_core.shell:Creating prefix script '/home/haivubui/px4_ws/install/local_setup.ps1'
[14.423s] INFO:colcon.colcon_core.shell:Creating prefix util module '/home/haivubui/px4_ws/install/_local_setup_util_ps1.py'
[14.428s] INFO:colcon.colcon_core.shell:Creating prefix chain script '/home/haivubui/px4_ws/install/setup.ps1'
[14.429s] INFO:colcon.colcon_core.shell:Creating prefix script '/home/haivubui/px4_ws/install/local_setup.sh'
[14.429s] INFO:colcon.colcon_core.shell:Creating prefix util module '/home/haivubui/px4_ws/install/_local_setup_util_sh.py'
[14.432s] INFO:colcon.colcon_core.shell:Creating prefix chain script '/home/haivubui/px4_ws/install/setup.sh'
[14.435s] INFO:colcon.colcon_core.shell:Creating prefix script '/home/haivubui/px4_ws/install/local_setup.bash'
[14.436s] INFO:colcon.colcon_core.shell:Creating prefix chain script '/home/haivubui/px4_ws/install/setup.bash'
[14.437s] INFO:colcon.colcon_core.shell:Creating prefix script '/home/haivubui/px4_ws/install/local_setup.zsh'
[14.440s] INFO:colcon.colcon_core.shell:Creating prefix chain script '/home/haivubui/px4_ws/install/setup.zsh'
