[0.111s] DEBUG:colcon:Command line arguments: ['/usr/bin/colcon', 'build']
[0.111s] DEBUG:colcon:Parsed command line arguments: Namespace(log_base=None, log_level=None, verb_name='build', build_base='build', install_base='install', merge_install=False, symlink_install=False, test_result_base=None, continue_on_error=False, executor='parallel', parallel_workers=4, event_handlers=None, ignore_user_meta=False, metas=['./colcon.meta'], base_paths=['.'], packages_ignore=None, packages_ignore_regex=None, paths=None, packages_up_to=None, packages_up_to_regex=None, packages_above=None, packages_above_and_dependencies=None, packages_above_depth=None, packages_select_by_dep=None, packages_skip_by_dep=None, packages_skip_up_to=None, packages_select_build_failed=False, packages_skip_build_finished=False, packages_select_test_failures=False, packages_skip_test_passed=False, packages_select=None, packages_skip=None, packages_select_regex=None, packages_skip_regex=None, packages_start=None, packages_end=None, allow_overriding=[], cmake_args=None, cmake_target=None, cmake_target_skip_unavailable=False, cmake_clean_cache=False, cmake_clean_first=False, cmake_force_configure=False, ament_cmake_args=None, catkin_cmake_args=None, catkin_skip_building_tests=False, mixin_files=None, mixin=None, verb_parser=<colcon_mixin.mixin.mixin_argument.MixinArgumentDecorator object at 0x77f676d3e8f0>, verb_extension=<colcon_core.verb.build.BuildVerb object at 0x77f676d3e380>, main=<bound method BuildVerb.main of <colcon_core.verb.build.BuildVerb object at 0x77f676d3e380>>, mixin_verb=('build',))
[0.148s] Level 1:colcon.colcon_core.package_discovery:discover_packages(colcon_meta) check parameters
[0.148s] Level 1:colcon.colcon_core.package_discovery:discover_packages(recursive) check parameters
[0.148s] Level 1:colcon.colcon_core.package_discovery:discover_packages(ignore) check parameters
[0.148s] Level 1:colcon.colcon_core.package_discovery:discover_packages(path) check parameters
[0.148s] Level 1:colcon.colcon_core.package_discovery:discover_packages(colcon_meta) discover
[0.148s] Level 1:colcon.colcon_core.package_discovery:discover_packages(recursive) discover
[0.149s] INFO:colcon.colcon_core.package_discovery:Crawling recursively for packages in '/home/haivubui/px4_ws'
[0.149s] Level 1:colcon.colcon_core.package_identification:_identify(.) by extensions ['ignore', 'ignore_ament_install']
[0.149s] Level 1:colcon.colcon_core.package_identification:_identify(.) by extension 'ignore'
[0.149s] Level 1:colcon.colcon_core.package_identification:_identify(.) by extension 'ignore_ament_install'
[0.149s] Level 1:colcon.colcon_core.package_identification:_identify(.) by extensions ['colcon_pkg']
[0.149s] Level 1:colcon.colcon_core.package_identification:_identify(.) by extension 'colcon_pkg'
[0.149s] Level 1:colcon.colcon_core.package_identification:_identify(.) by extensions ['colcon_meta']
[0.149s] Level 1:colcon.colcon_core.package_identification:_identify(.) by extension 'colcon_meta'
[0.149s] Level 1:colcon.colcon_core.package_identification:_identify(.) by extensions ['ros']
[0.149s] Level 1:colcon.colcon_core.package_identification:_identify(.) by extension 'ros'
[0.164s] Level 1:colcon.colcon_core.package_identification:_identify(.) by extensions ['cmake', 'python']
[0.164s] Level 1:colcon.colcon_core.package_identification:_identify(.) by extension 'cmake'
[0.164s] Level 1:colcon.colcon_core.package_identification:_identify(.) by extension 'python'
[0.164s] Level 1:colcon.colcon_core.package_identification:_identify(.) by extensions ['python_setup_py']
[0.164s] Level 1:colcon.colcon_core.package_identification:_identify(.) by extension 'python_setup_py'
[0.164s] Level 1:colcon.colcon_core.package_identification:_identify(build) by extensions ['ignore', 'ignore_ament_install']
[0.165s] Level 1:colcon.colcon_core.package_identification:_identify(build) by extension 'ignore'
[0.165s] Level 1:colcon.colcon_core.package_identification:_identify(build) ignored
[0.165s] Level 1:colcon.colcon_core.package_identification:_identify(data) by extensions ['ignore', 'ignore_ament_install']
[0.165s] Level 1:colcon.colcon_core.package_identification:_identify(data) by extension 'ignore'
[0.165s] Level 1:colcon.colcon_core.package_identification:_identify(data) by extension 'ignore_ament_install'
[0.165s] Level 1:colcon.colcon_core.package_identification:_identify(data) by extensions ['colcon_pkg']
[0.165s] Level 1:colcon.colcon_core.package_identification:_identify(data) by extension 'colcon_pkg'
[0.165s] Level 1:colcon.colcon_core.package_identification:_identify(data) by extensions ['colcon_meta']
[0.165s] Level 1:colcon.colcon_core.package_identification:_identify(data) by extension 'colcon_meta'
[0.165s] Level 1:colcon.colcon_core.package_identification:_identify(data) by extensions ['ros']
[0.165s] Level 1:colcon.colcon_core.package_identification:_identify(data) by extension 'ros'
[0.165s] Level 1:colcon.colcon_core.package_identification:_identify(data) by extensions ['cmake', 'python']
[0.165s] Level 1:colcon.colcon_core.package_identification:_identify(data) by extension 'cmake'
[0.165s] Level 1:colcon.colcon_core.package_identification:_identify(data) by extension 'python'
[0.165s] Level 1:colcon.colcon_core.package_identification:_identify(data) by extensions ['python_setup_py']
[0.165s] Level 1:colcon.colcon_core.package_identification:_identify(data) by extension 'python_setup_py'
[0.165s] Level 1:colcon.colcon_core.package_identification:_identify(install) by extensions ['ignore', 'ignore_ament_install']
[0.165s] Level 1:colcon.colcon_core.package_identification:_identify(install) by extension 'ignore'
[0.166s] Level 1:colcon.colcon_core.package_identification:_identify(install) ignored
[0.166s] Level 1:colcon.colcon_core.package_identification:_identify(log) by extensions ['ignore', 'ignore_ament_install']
[0.166s] Level 1:colcon.colcon_core.package_identification:_identify(log) by extension 'ignore'
[0.166s] Level 1:colcon.colcon_core.package_identification:_identify(log) ignored
[0.166s] Level 1:colcon.colcon_core.package_identification:_identify(src) by extensions ['ignore', 'ignore_ament_install']
[0.166s] Level 1:colcon.colcon_core.package_identification:_identify(src) by extension 'ignore'
[0.166s] Level 1:colcon.colcon_core.package_identification:_identify(src) by extension 'ignore_ament_install'
[0.166s] Level 1:colcon.colcon_core.package_identification:_identify(src) by extensions ['colcon_pkg']
[0.166s] Level 1:colcon.colcon_core.package_identification:_identify(src) by extension 'colcon_pkg'
[0.166s] Level 1:colcon.colcon_core.package_identification:_identify(src) by extensions ['colcon_meta']
[0.166s] Level 1:colcon.colcon_core.package_identification:_identify(src) by extension 'colcon_meta'
[0.166s] Level 1:colcon.colcon_core.package_identification:_identify(src) by extensions ['ros']
[0.166s] Level 1:colcon.colcon_core.package_identification:_identify(src) by extension 'ros'
[0.166s] Level 1:colcon.colcon_core.package_identification:_identify(src) by extensions ['cmake', 'python']
[0.166s] Level 1:colcon.colcon_core.package_identification:_identify(src) by extension 'cmake'
[0.166s] Level 1:colcon.colcon_core.package_identification:_identify(src) by extension 'python'
[0.166s] Level 1:colcon.colcon_core.package_identification:_identify(src) by extensions ['python_setup_py']
[0.166s] Level 1:colcon.colcon_core.package_identification:_identify(src) by extension 'python_setup_py'
[0.167s] Level 1:colcon.colcon_core.package_identification:_identify(src/px4-offboard) by extensions ['ignore', 'ignore_ament_install']
[0.167s] Level 1:colcon.colcon_core.package_identification:_identify(src/px4-offboard) by extension 'ignore'
[0.167s] Level 1:colcon.colcon_core.package_identification:_identify(src/px4-offboard) by extension 'ignore_ament_install'
[0.167s] Level 1:colcon.colcon_core.package_identification:_identify(src/px4-offboard) by extensions ['colcon_pkg']
[0.167s] Level 1:colcon.colcon_core.package_identification:_identify(src/px4-offboard) by extension 'colcon_pkg'
[0.167s] Level 1:colcon.colcon_core.package_identification:_identify(src/px4-offboard) by extensions ['colcon_meta']
[0.167s] Level 1:colcon.colcon_core.package_identification:_identify(src/px4-offboard) by extension 'colcon_meta'
[0.167s] Level 1:colcon.colcon_core.package_identification:_identify(src/px4-offboard) by extensions ['ros']
[0.167s] Level 1:colcon.colcon_core.package_identification:_identify(src/px4-offboard) by extension 'ros'
[0.169s] DEBUG:colcon.colcon_core.package_identification:Package 'src/px4-offboard' with type 'ros.ament_python' and name 'px4_offboard'
[0.170s] Level 1:colcon.colcon_core.package_identification:_identify(src/px4_msgs) by extensions ['ignore', 'ignore_ament_install']
[0.170s] Level 1:colcon.colcon_core.package_identification:_identify(src/px4_msgs) by extension 'ignore'
[0.170s] Level 1:colcon.colcon_core.package_identification:_identify(src/px4_msgs) by extension 'ignore_ament_install'
[0.170s] Level 1:colcon.colcon_core.package_identification:_identify(src/px4_msgs) by extensions ['colcon_pkg']
[0.170s] Level 1:colcon.colcon_core.package_identification:_identify(src/px4_msgs) by extension 'colcon_pkg'
[0.170s] Level 1:colcon.colcon_core.package_identification:_identify(src/px4_msgs) by extensions ['colcon_meta']
[0.170s] Level 1:colcon.colcon_core.package_identification:_identify(src/px4_msgs) by extension 'colcon_meta'
[0.170s] Level 1:colcon.colcon_core.package_identification:_identify(src/px4_msgs) by extensions ['ros']
[0.170s] Level 1:colcon.colcon_core.package_identification:_identify(src/px4_msgs) by extension 'ros'
[0.171s] DEBUG:colcon.colcon_core.package_identification:Package 'src/px4_msgs' with type 'ros.ament_cmake' and name 'px4_msgs'
[0.171s] Level 1:colcon.colcon_core.package_discovery:discover_packages(recursive) using defaults
[0.171s] Level 1:colcon.colcon_core.package_discovery:discover_packages(ignore) discover
[0.171s] Level 1:colcon.colcon_core.package_discovery:discover_packages(ignore) using defaults
[0.171s] Level 1:colcon.colcon_core.package_discovery:discover_packages(path) discover
[0.171s] Level 1:colcon.colcon_core.package_discovery:discover_packages(path) using defaults
[0.191s] Level 1:colcon.colcon_core.package_discovery:discover_packages(prefix_path) check parameters
[0.191s] Level 1:colcon.colcon_core.package_discovery:discover_packages(prefix_path) discover
[0.193s] DEBUG:colcon.colcon_installed_package_information.package_discovery:Found 277 installed packages in /opt/ros/humble
[0.194s] Level 1:colcon.colcon_core.package_discovery:discover_packages(prefix_path) using defaults
[0.232s] Level 5:colcon.colcon_core.verb:set package 'px4_msgs' build argument 'cmake_args' from command line to 'None'
[0.232s] Level 5:colcon.colcon_core.verb:set package 'px4_msgs' build argument 'cmake_target' from command line to 'None'
[0.232s] Level 5:colcon.colcon_core.verb:set package 'px4_msgs' build argument 'cmake_target_skip_unavailable' from command line to 'False'
[0.233s] Level 5:colcon.colcon_core.verb:set package 'px4_msgs' build argument 'cmake_clean_cache' from command line to 'False'
[0.233s] Level 5:colcon.colcon_core.verb:set package 'px4_msgs' build argument 'cmake_clean_first' from command line to 'False'
[0.233s] Level 5:colcon.colcon_core.verb:set package 'px4_msgs' build argument 'cmake_force_configure' from command line to 'False'
[0.233s] Level 5:colcon.colcon_core.verb:set package 'px4_msgs' build argument 'ament_cmake_args' from command line to 'None'
[0.233s] Level 5:colcon.colcon_core.verb:set package 'px4_msgs' build argument 'catkin_cmake_args' from command line to 'None'
[0.233s] Level 5:colcon.colcon_core.verb:set package 'px4_msgs' build argument 'catkin_skip_building_tests' from command line to 'False'
[0.233s] DEBUG:colcon.colcon_core.verb:Building package 'px4_msgs' with the following arguments: {'ament_cmake_args': None, 'build_base': '/home/haivubui/px4_ws/build/px4_msgs', 'catkin_cmake_args': None, 'catkin_skip_building_tests': False, 'cmake_args': None, 'cmake_clean_cache': False, 'cmake_clean_first': False, 'cmake_force_configure': False, 'cmake_target': None, 'cmake_target_skip_unavailable': False, 'install_base': '/home/haivubui/px4_ws/install/px4_msgs', 'merge_install': False, 'path': '/home/haivubui/px4_ws/src/px4_msgs', 'symlink_install': False, 'test_result_base': None}
[0.233s] Level 5:colcon.colcon_core.verb:set package 'px4_offboard' build argument 'cmake_args' from command line to 'None'
[0.233s] Level 5:colcon.colcon_core.verb:set package 'px4_offboard' build argument 'cmake_target' from command line to 'None'
[0.233s] Level 5:colcon.colcon_core.verb:set package 'px4_offboard' build argument 'cmake_target_skip_unavailable' from command line to 'False'
[0.233s] Level 5:colcon.colcon_core.verb:set package 'px4_offboard' build argument 'cmake_clean_cache' from command line to 'False'
[0.233s] Level 5:colcon.colcon_core.verb:set package 'px4_offboard' build argument 'cmake_clean_first' from command line to 'False'
[0.233s] Level 5:colcon.colcon_core.verb:set package 'px4_offboard' build argument 'cmake_force_configure' from command line to 'False'
[0.233s] Level 5:colcon.colcon_core.verb:set package 'px4_offboard' build argument 'ament_cmake_args' from command line to 'None'
[0.233s] Level 5:colcon.colcon_core.verb:set package 'px4_offboard' build argument 'catkin_cmake_args' from command line to 'None'
[0.233s] Level 5:colcon.colcon_core.verb:set package 'px4_offboard' build argument 'catkin_skip_building_tests' from command line to 'False'
[0.233s] DEBUG:colcon.colcon_core.verb:Building package 'px4_offboard' with the following arguments: {'ament_cmake_args': None, 'build_base': '/home/haivubui/px4_ws/build/px4_offboard', 'catkin_cmake_args': None, 'catkin_skip_building_tests': False, 'cmake_args': None, 'cmake_clean_cache': False, 'cmake_clean_first': False, 'cmake_force_configure': False, 'cmake_target': None, 'cmake_target_skip_unavailable': False, 'install_base': '/home/haivubui/px4_ws/install/px4_offboard', 'merge_install': False, 'path': '/home/haivubui/px4_ws/src/px4-offboard', 'symlink_install': False, 'test_result_base': None}
[0.233s] INFO:colcon.colcon_core.executor:Executing jobs using 'parallel' executor
[0.234s] DEBUG:colcon.colcon_parallel_executor.executor.parallel:run_until_complete
[0.235s] INFO:colcon.colcon_ros.task.ament_cmake.build:Building ROS package in '/home/haivubui/px4_ws/src/px4_msgs' with build type 'ament_cmake'
[0.235s] INFO:colcon.colcon_cmake.task.cmake.build:Building CMake package in '/home/haivubui/px4_ws/src/px4_msgs'
[0.237s] INFO:colcon.colcon_core.plugin_system:Skipping extension 'colcon_core.shell.bat': Not used on non-Windows systems
[0.237s] INFO:colcon.colcon_core.shell:Skip shell extension 'powershell' for command environment: Not usable outside of PowerShell
[0.237s] DEBUG:colcon.colcon_core.shell:Skip shell extension 'dsv' for command environment
[0.245s] DEBUG:colcon.colcon_core.event_handler.log_command:Invoking command in '/home/haivubui/px4_ws/build/px4_msgs': CMAKE_PREFIX_PATH=/opt/ros/humble /usr/bin/cmake --build /home/haivubui/px4_ws/build/px4_msgs -- -j4 -l4
[1.963s] DEBUG:colcon.colcon_core.event_handler.log_command:Invoked command in '/home/haivubui/px4_ws/build/px4_msgs' returned '0': CMAKE_PREFIX_PATH=/opt/ros/humble /usr/bin/cmake --build /home/haivubui/px4_ws/build/px4_msgs -- -j4 -l4
[9.717s] DEBUG:colcon.colcon_core.event_handler.log_command:Invoking command in '/home/haivubui/px4_ws/build/px4_msgs': CMAKE_PREFIX_PATH=/opt/ros/humble /usr/bin/cmake --install /home/haivubui/px4_ws/build/px4_msgs
[10.338s] Level 1:colcon.colcon_core.environment:create_environment_scripts_only(px4_msgs)
[10.338s] DEBUG:colcon.colcon_core.event_handler.log_command:Invoked command in '/home/haivubui/px4_ws/build/px4_msgs' returned '0': CMAKE_PREFIX_PATH=/opt/ros/humble /usr/bin/cmake --install /home/haivubui/px4_ws/build/px4_msgs
[10.340s] Level 1:colcon.colcon_core.environment:checking '/home/haivubui/px4_ws/install/px4_msgs' for CMake module files
[10.341s] Level 1:colcon.colcon_core.environment:checking '/home/haivubui/px4_ws/install/px4_msgs' for CMake config files
[10.343s] Level 1:colcon.colcon_core.shell:create_environment_hook('px4_msgs', 'cmake_prefix_path')
[10.343s] INFO:colcon.colcon_core.shell:Creating environment hook '/home/haivubui/px4_ws/install/px4_msgs/share/px4_msgs/hook/cmake_prefix_path.ps1'
[10.344s] INFO:colcon.colcon_core.shell:Creating environment descriptor '/home/haivubui/px4_ws/install/px4_msgs/share/px4_msgs/hook/cmake_prefix_path.dsv'
[10.344s] INFO:colcon.colcon_core.shell:Creating environment hook '/home/haivubui/px4_ws/install/px4_msgs/share/px4_msgs/hook/cmake_prefix_path.sh'
[10.345s] Level 1:colcon.colcon_core.environment:checking '/home/haivubui/px4_ws/install/px4_msgs/lib'
[10.345s] Level 1:colcon.colcon_core.shell:create_environment_hook('px4_msgs', 'ld_library_path_lib')
[10.345s] INFO:colcon.colcon_core.shell:Creating environment hook '/home/haivubui/px4_ws/install/px4_msgs/share/px4_msgs/hook/ld_library_path_lib.ps1'
[10.346s] INFO:colcon.colcon_core.shell:Creating environment descriptor '/home/haivubui/px4_ws/install/px4_msgs/share/px4_msgs/hook/ld_library_path_lib.dsv'
[10.346s] INFO:colcon.colcon_core.shell:Creating environment hook '/home/haivubui/px4_ws/install/px4_msgs/share/px4_msgs/hook/ld_library_path_lib.sh'
[10.346s] Level 1:colcon.colcon_core.environment:checking '/home/haivubui/px4_ws/install/px4_msgs/bin'
[10.346s] Level 1:colcon.colcon_core.environment:checking '/home/haivubui/px4_ws/install/px4_msgs/lib/pkgconfig/px4_msgs.pc'
[10.347s] Level 1:colcon.colcon_core.environment:checking '/home/haivubui/px4_ws/install/px4_msgs/lib/python3.10/site-packages'
[10.347s] Level 1:colcon.colcon_core.environment:checking '/home/haivubui/px4_ws/install/px4_msgs/bin'
[10.347s] INFO:colcon.colcon_core.shell:Creating package script '/home/haivubui/px4_ws/install/px4_msgs/share/px4_msgs/package.ps1'
[10.348s] INFO:colcon.colcon_core.shell:Creating package descriptor '/home/haivubui/px4_ws/install/px4_msgs/share/px4_msgs/package.dsv'
[10.348s] INFO:colcon.colcon_core.shell:Creating package script '/home/haivubui/px4_ws/install/px4_msgs/share/px4_msgs/package.sh'
[10.349s] INFO:colcon.colcon_core.shell:Creating package script '/home/haivubui/px4_ws/install/px4_msgs/share/px4_msgs/package.bash'
[10.350s] INFO:colcon.colcon_core.shell:Creating package script '/home/haivubui/px4_ws/install/px4_msgs/share/px4_msgs/package.zsh'
[10.350s] Level 1:colcon.colcon_core.environment:create_file_with_runtime_dependencies(/home/haivubui/px4_ws/install/px4_msgs/share/colcon-core/packages/px4_msgs)
[19.740s] Level 1:colcon.colcon_core.environment:create_environment_scripts_only(px4_msgs)
[19.740s] Level 1:colcon.colcon_core.environment:checking '/home/haivubui/px4_ws/install/px4_msgs' for CMake module files
[19.741s] Level 1:colcon.colcon_core.environment:checking '/home/haivubui/px4_ws/install/px4_msgs' for CMake config files
[19.746s] Level 1:colcon.colcon_core.shell:create_environment_hook('px4_msgs', 'cmake_prefix_path')
[19.748s] INFO:colcon.colcon_core.shell:Creating environment hook '/home/haivubui/px4_ws/install/px4_msgs/share/px4_msgs/hook/cmake_prefix_path.ps1'
[19.748s] INFO:colcon.colcon_core.shell:Creating environment descriptor '/home/haivubui/px4_ws/install/px4_msgs/share/px4_msgs/hook/cmake_prefix_path.dsv'
[19.749s] INFO:colcon.colcon_core.shell:Creating environment hook '/home/haivubui/px4_ws/install/px4_msgs/share/px4_msgs/hook/cmake_prefix_path.sh'
[19.749s] Level 1:colcon.colcon_core.environment:checking '/home/haivubui/px4_ws/install/px4_msgs/lib'
[19.749s] Level 1:colcon.colcon_core.shell:create_environment_hook('px4_msgs', 'ld_library_path_lib')
[19.750s] INFO:colcon.colcon_core.shell:Creating environment hook '/home/haivubui/px4_ws/install/px4_msgs/share/px4_msgs/hook/ld_library_path_lib.ps1'
[19.750s] INFO:colcon.colcon_core.shell:Creating environment descriptor '/home/haivubui/px4_ws/install/px4_msgs/share/px4_msgs/hook/ld_library_path_lib.dsv'
[19.750s] INFO:colcon.colcon_core.shell:Creating environment hook '/home/haivubui/px4_ws/install/px4_msgs/share/px4_msgs/hook/ld_library_path_lib.sh'
[19.751s] Level 1:colcon.colcon_core.environment:checking '/home/haivubui/px4_ws/install/px4_msgs/bin'
[19.751s] Level 1:colcon.colcon_core.environment:checking '/home/haivubui/px4_ws/install/px4_msgs/lib/pkgconfig/px4_msgs.pc'
[19.751s] Level 1:colcon.colcon_core.environment:checking '/home/haivubui/px4_ws/install/px4_msgs/lib/python3.10/site-packages'
[19.751s] Level 1:colcon.colcon_core.environment:checking '/home/haivubui/px4_ws/install/px4_msgs/bin'
[19.752s] INFO:colcon.colcon_core.shell:Creating package script '/home/haivubui/px4_ws/install/px4_msgs/share/px4_msgs/package.ps1'
[19.752s] INFO:colcon.colcon_core.shell:Creating package descriptor '/home/haivubui/px4_ws/install/px4_msgs/share/px4_msgs/package.dsv'
[19.753s] INFO:colcon.colcon_core.shell:Creating package script '/home/haivubui/px4_ws/install/px4_msgs/share/px4_msgs/package.sh'
[19.753s] INFO:colcon.colcon_core.shell:Creating package script '/home/haivubui/px4_ws/install/px4_msgs/share/px4_msgs/package.bash'
[19.754s] INFO:colcon.colcon_core.shell:Creating package script '/home/haivubui/px4_ws/install/px4_msgs/share/px4_msgs/package.zsh'
[19.754s] Level 1:colcon.colcon_core.environment:create_file_with_runtime_dependencies(/home/haivubui/px4_ws/install/px4_msgs/share/colcon-core/packages/px4_msgs)
[19.755s] INFO:colcon.colcon_ros.task.ament_python.build:Building ROS package in '/home/haivubui/px4_ws/src/px4-offboard' with build type 'ament_python'
[19.755s] Level 1:colcon.colcon_core.shell:create_environment_hook('px4_offboard', 'ament_prefix_path')
[19.755s] INFO:colcon.colcon_core.shell:Creating environment hook '/home/haivubui/px4_ws/install/px4_offboard/share/px4_offboard/hook/ament_prefix_path.ps1'
[19.755s] INFO:colcon.colcon_core.shell:Creating environment descriptor '/home/haivubui/px4_ws/install/px4_offboard/share/px4_offboard/hook/ament_prefix_path.dsv'
[19.756s] INFO:colcon.colcon_core.shell:Creating environment hook '/home/haivubui/px4_ws/install/px4_offboard/share/px4_offboard/hook/ament_prefix_path.sh'
[19.757s] INFO:colcon.colcon_core.shell:Skip shell extension 'powershell' for command environment: Not usable outside of PowerShell
[19.757s] DEBUG:colcon.colcon_core.shell:Skip shell extension 'dsv' for command environment
[20.150s] INFO:colcon.colcon_core.task.python.build:Building Python package in '/home/haivubui/px4_ws/src/px4-offboard'
[20.150s] INFO:colcon.colcon_core.shell:Skip shell extension 'powershell' for command environment: Not usable outside of PowerShell
[20.150s] DEBUG:colcon.colcon_core.shell:Skip shell extension 'dsv' for command environment
[20.869s] DEBUG:colcon.colcon_core.event_handler.log_command:Invoking command in '/home/haivubui/px4_ws/src/px4-offboard': AMENT_PREFIX_PATH=/home/haivubui/px4_ws/install/px4_msgs:${AMENT_PREFIX_PATH} CMAKE_PREFIX_PATH=/home/haivubui/px4_ws/install/px4_msgs LD_LIBRARY_PATH=/home/haivubui/px4_ws/install/px4_msgs/lib:${LD_LIBRARY_PATH} PYTHONPATH=/home/haivubui/px4_ws/build/px4_offboard/prefix_override:/usr/lib/python3/dist-packages/colcon_core/task/python/colcon_distutils_commands:/home/haivubui/px4_ws/install/px4_offboard/lib/python3.10/site-packages:/home/haivubui/px4_ws/install/px4_msgs/local/lib/python3.10/dist-packages:${PYTHONPATH} /usr/bin/python3 -W ignore:setup.py install is deprecated setup.py egg_info --egg-base ../../build/px4_offboard build --build-base /home/haivubui/px4_ws/build/px4_offboard/build install --record /home/haivubui/px4_ws/build/px4_offboard/install.log --single-version-externally-managed install_data
[21.649s] Level 1:colcon.colcon_core.environment:checking '/home/haivubui/px4_ws/install/px4_offboard' for CMake module files
[21.649s] DEBUG:colcon.colcon_core.event_handler.log_command:Invoked command in '/home/haivubui/px4_ws/src/px4-offboard' returned '0': AMENT_PREFIX_PATH=/home/haivubui/px4_ws/install/px4_msgs:${AMENT_PREFIX_PATH} CMAKE_PREFIX_PATH=/home/haivubui/px4_ws/install/px4_msgs LD_LIBRARY_PATH=/home/haivubui/px4_ws/install/px4_msgs/lib:${LD_LIBRARY_PATH} PYTHONPATH=/home/haivubui/px4_ws/build/px4_offboard/prefix_override:/usr/lib/python3/dist-packages/colcon_core/task/python/colcon_distutils_commands:/home/haivubui/px4_ws/install/px4_offboard/lib/python3.10/site-packages:/home/haivubui/px4_ws/install/px4_msgs/local/lib/python3.10/dist-packages:${PYTHONPATH} /usr/bin/python3 -W ignore:setup.py install is deprecated setup.py egg_info --egg-base ../../build/px4_offboard build --build-base /home/haivubui/px4_ws/build/px4_offboard/build install --record /home/haivubui/px4_ws/build/px4_offboard/install.log --single-version-externally-managed install_data
[21.650s] Level 1:colcon.colcon_core.environment:checking '/home/haivubui/px4_ws/install/px4_offboard' for CMake config files
[21.651s] Level 1:colcon.colcon_core.environment:checking '/home/haivubui/px4_ws/install/px4_offboard/lib'
[21.651s] Level 1:colcon.colcon_core.environment:checking '/home/haivubui/px4_ws/install/px4_offboard/bin'
[21.651s] Level 1:colcon.colcon_core.environment:checking '/home/haivubui/px4_ws/install/px4_offboard/lib/pkgconfig/px4_offboard.pc'
[21.651s] Level 1:colcon.colcon_core.environment:checking '/home/haivubui/px4_ws/install/px4_offboard/lib/python3.10/site-packages'
[21.651s] Level 1:colcon.colcon_core.shell:create_environment_hook('px4_offboard', 'pythonpath')
[21.651s] INFO:colcon.colcon_core.shell:Creating environment hook '/home/haivubui/px4_ws/install/px4_offboard/share/px4_offboard/hook/pythonpath.ps1'
[21.652s] INFO:colcon.colcon_core.shell:Creating environment descriptor '/home/haivubui/px4_ws/install/px4_offboard/share/px4_offboard/hook/pythonpath.dsv'
[21.653s] INFO:colcon.colcon_core.shell:Creating environment hook '/home/haivubui/px4_ws/install/px4_offboard/share/px4_offboard/hook/pythonpath.sh'
[21.653s] Level 1:colcon.colcon_core.environment:checking '/home/haivubui/px4_ws/install/px4_offboard/bin'
[21.654s] Level 1:colcon.colcon_core.environment:create_environment_scripts_only(px4_offboard)
[21.657s] INFO:colcon.colcon_core.shell:Creating package script '/home/haivubui/px4_ws/install/px4_offboard/share/px4_offboard/package.ps1'
[21.662s] INFO:colcon.colcon_core.shell:Creating package descriptor '/home/haivubui/px4_ws/install/px4_offboard/share/px4_offboard/package.dsv'
[21.663s] INFO:colcon.colcon_core.shell:Creating package script '/home/haivubui/px4_ws/install/px4_offboard/share/px4_offboard/package.sh'
[21.664s] INFO:colcon.colcon_core.shell:Creating package script '/home/haivubui/px4_ws/install/px4_offboard/share/px4_offboard/package.bash'
[21.664s] INFO:colcon.colcon_core.shell:Creating package script '/home/haivubui/px4_ws/install/px4_offboard/share/px4_offboard/package.zsh'
[21.665s] Level 1:colcon.colcon_core.environment:create_file_with_runtime_dependencies(/home/haivubui/px4_ws/install/px4_offboard/share/colcon-core/packages/px4_offboard)
[21.665s] DEBUG:colcon.colcon_parallel_executor.executor.parallel:closing loop
[21.665s] DEBUG:colcon.colcon_parallel_executor.executor.parallel:loop closed
[21.665s] DEBUG:colcon.colcon_parallel_executor.executor.parallel:run_until_complete finished with '0'
[21.665s] DEBUG:colcon.colcon_core.event_reactor:joining thread
[21.680s] INFO:colcon.colcon_core.plugin_system:Skipping extension 'colcon_notification.desktop_notification.terminal_notifier': Not used on non-Darwin systems
[21.683s] INFO:colcon.colcon_core.plugin_system:Skipping extension 'colcon_notification.desktop_notification.win32': Not used on non-Windows systems
[21.683s] INFO:colcon.colcon_notification.desktop_notification:Sending desktop notification using 'notify2'
[21.699s] DEBUG:colcon.colcon_core.event_reactor:joined thread
[21.699s] INFO:colcon.colcon_core.shell:Creating prefix script '/home/haivubui/px4_ws/install/local_setup.ps1'
[21.700s] INFO:colcon.colcon_core.shell:Creating prefix util module '/home/haivubui/px4_ws/install/_local_setup_util_ps1.py'
[21.701s] INFO:colcon.colcon_core.shell:Creating prefix chain script '/home/haivubui/px4_ws/install/setup.ps1'
[21.706s] INFO:colcon.colcon_core.shell:Creating prefix script '/home/haivubui/px4_ws/install/local_setup.sh'
[21.707s] INFO:colcon.colcon_core.shell:Creating prefix util module '/home/haivubui/px4_ws/install/_local_setup_util_sh.py'
[21.708s] INFO:colcon.colcon_core.shell:Creating prefix chain script '/home/haivubui/px4_ws/install/setup.sh'
[21.709s] INFO:colcon.colcon_core.shell:Creating prefix script '/home/haivubui/px4_ws/install/local_setup.bash'
[21.709s] INFO:colcon.colcon_core.shell:Creating prefix chain script '/home/haivubui/px4_ws/install/setup.bash'
[21.710s] INFO:colcon.colcon_core.shell:Creating prefix script '/home/haivubui/px4_ws/install/local_setup.zsh'
[21.711s] INFO:colcon.colcon_core.shell:Creating prefix chain script '/home/haivubui/px4_ws/install/setup.zsh'
